Start testing: May 24 00:41 CST
----------------------------------------------------------
1/4 Testing: test_layout_window
1/4 Test: test_layout_window
Command: "/home/share/samba/flyingcys/LingDongGUI/.worktree/gui-test-coverage/build/test/src/gui/test/test_layout_window"
Directory: /home/share/samba/flyingcys/LingDongGUI/.worktree/gui-test-coverage/build/test/src/gui/test
"test_layout_window" start time: May 24 00:41 CST
Output:
----------------------------------------------------------
<end of output>
Test time =   0.01 sec
----------------------------------------------------------
Test Passed.
"test_layout_window" end time: May 24 00:41 CST
"test_layout_window" time elapsed: 00:00:00
----------------------------------------------------------

2/4 Testing: test_ldbase
2/4 Test: test_ldbase
Command: "/home/share/samba/flyingcys/LingDongGUI/.worktree/gui-test-coverage/build/test/src/gui/test/test_ldbase"
Directory: /home/share/samba/flyingcys/LingDongGUI/.worktree/gui-test-coverage/build/test/src/gui/test
"test_ldbase" start time: May 24 00:41 CST
Output:
----------------------------------------------------------
test_ldbase: /home/share/samba/flyingcys/LingDongGUI/.worktree/gui-test-coverage/src/gui/test/test_ldbase.c:157: test_location_and_region_helpers: Assertion `ldBaseGetX((ldBase_t *)&child) == 33' failed.
<end of output>
Test time =   0.20 sec
----------------------------------------------------------
Test Failed.
"test_ldbase" end time: May 24 00:41 CST
"test_ldbase" time elapsed: 00:00:00
----------------------------------------------------------

3/4 Testing: test_ldlabel
3/4 Test: test_ldlabel
Command: "/home/share/samba/flyingcys/LingDongGUI/.worktree/gui-test-coverage/build/test/src/gui/test/test_ldlabel"
Directory: /home/share/samba/flyingcys/LingDongGUI/.worktree/gui-test-coverage/build/test/src/gui/test
"test_ldlabel" start time: May 24 00:41 CST
Output:
----------------------------------------------------------
<end of output>
Test time =   0.00 sec
----------------------------------------------------------
Test Passed.
"test_ldlabel" end time: May 24 00:41 CST
"test_ldlabel" time elapsed: 00:00:00
----------------------------------------------------------

4/4 Testing: test_ldprogressbar
4/4 Test: test_ldprogressbar
Command: "/home/share/samba/flyingcys/LingDongGUI/.worktree/gui-test-coverage/build/test/src/gui/test/test_ldprogressbar"
Directory: /home/share/samba/flyingcys/LingDongGUI/.worktree/gui-test-coverage/build/test/src/gui/test
"test_ldprogressbar" start time: May 24 00:41 CST
Output:
----------------------------------------------------------
<end of output>
Test time =   0.00 sec
----------------------------------------------------------
Test Passed.
"test_ldprogressbar" end time: May 24 00:41 CST
"test_ldprogressbar" time elapsed: 00:00:00
----------------------------------------------------------

End testing: May 24 00:41 CST
