TN:
SF:/home/share/samba/flyingcys/LingDongGUI/.worktree/gui-test-coverage/examples/common/math/arm_cos_f32.c
FN:70,arm_cos_f32
FNDA:0,arm_cos_f32
DA:70,0
DA:81,0
DA:84,0
DA:87,0
DA:89,0
DA:93,0
DA:96,0
DA:97,0
DA:100,0
DA:101,0
DA:102,0
DA:106,0
DA:109,0
DA:110,0
DA:113,0
DA:116,0
end_of_record
TN:
SF:/home/share/samba/flyingcys/LingDongGUI/.worktree/gui-test-coverage/examples/common/math/arm_cos_q31.c
FN:49,arm_cos_q31
FNDA:0,arm_cos_q31
DA:49,0
DA:58,0
DA:59,0
DA:61,0
DA:65,0
DA:68,0
DA:71,0
DA:72,0
DA:75,0
DA:76,0
DA:79,0
end_of_record
TN:
SF:/home/share/samba/flyingcys/LingDongGUI/.worktree/gui-test-coverage/examples/common/math/arm_sin_f32.c
FN:71,arm_sin_f32
FNDA:0,arm_sin_f32
DA:71,0
DA:82,0
DA:85,0
DA:88,0
DA:90,0
DA:94,0
DA:97,0
DA:98,0
DA:101,0
DA:102,0
DA:103,0
DA:107,0
DA:110,0
DA:111,0
DA:114,0
DA:117,0
end_of_record
TN:
SF:/home/share/samba/flyingcys/LingDongGUI/.worktree/gui-test-coverage/examples/common/math/arm_sin_q31.c
FN:49,arm_sin_q31
FNDA:0,arm_sin_q31
DA:49,0
DA:57,0
DA:59,0
DA:63,0
DA:66,0
DA:69,0
DA:70,0
DA:73,0
DA:74,0
DA:77,0
end_of_record
TN:
SF:/home/share/samba/flyingcys/LingDongGUI/.worktree/gui-test-coverage/examples/common/Arm-2D/Library/Source/__arm_2d_ll_meta_ccca8888_trans.inc
FN:90,__arm_2d_impl_ccca8888_get_pixel_colour_opa_to_cccn888
FNDA:0,__arm_2d_impl_ccca8888_get_pixel_colour_opa_to_cccn888
FN:90,__arm_2d_impl_ccca8888_get_pixel_colour_to_cccn888
FNDA:0,__arm_2d_impl_ccca8888_get_pixel_colour_to_cccn888
FN:90,__arm_2d_impl_ccca8888_get_pixel_colour_opa_to_rgb565
FNDA:0,__arm_2d_impl_ccca8888_get_pixel_colour_opa_to_rgb565
FN:90,__arm_2d_impl_ccca8888_get_pixel_colour_to_rgb565
FNDA:0,__arm_2d_impl_ccca8888_get_pixel_colour_to_rgb565
FN:90,__arm_2d_impl_ccca8888_get_pixel_colour_opa_to_gray8
FNDA:0,__arm_2d_impl_ccca8888_get_pixel_colour_opa_to_gray8
FN:90,__arm_2d_impl_ccca8888_get_pixel_colour_to_gray8
FNDA:0,__arm_2d_impl_ccca8888_get_pixel_colour_to_gray8
FN:208,__arm_2d_impl_ccca8888_transform_with_opacity_to_cccn888
FNDA:0,__arm_2d_impl_ccca8888_transform_with_opacity_to_cccn888
FN:208,__arm_2d_impl_ccca8888_transform_to_cccn888
FNDA:0,__arm_2d_impl_ccca8888_transform_to_cccn888
FN:208,__arm_2d_impl_ccca8888_transform_with_opacity_to_rgb565
FNDA:0,__arm_2d_impl_ccca8888_transform_with_opacity_to_rgb565
FN:208,__arm_2d_impl_ccca8888_transform_to_rgb565
FNDA:0,__arm_2d_impl_ccca8888_transform_to_rgb565
FN:208,__arm_2d_impl_ccca8888_transform_with_opacity_to_gray8
FNDA:0,__arm_2d_impl_ccca8888_transform_with_opacity_to_gray8
FN:208,__arm_2d_impl_ccca8888_transform_to_gray8
FNDA:0,__arm_2d_impl_ccca8888_transform_to_gray8
DA:90,0
DA:100,0
DA:101,0
DA:105,0
DA:106,0
DA:107,0
DA:116,0
DA:117,0
DA:119,0
DA:120,0
DA:121,0
DA:122,0
DA:125,0
DA:127,0
DA:128,0
DA:129,0
DA:130,0
DA:131,0
DA:133,0
DA:135,0
DA:136,0
DA:138,0
DA:139,0
DA:141,0
DA:142,0
DA:144,0
DA:145,0
DA:147,0
DA:148,0
DA:149,0
DA:154,0
DA:156,0
DA:157,0
DA:158,0
DA:159,0
DA:160,0
DA:162,0
DA:164,0
DA:165,0
DA:166,0
DA:167,0
DA:169,0
DA:172,0
DA:173,0
DA:175,0
DA:90,0
DA:100,0
DA:101,0
DA:105,0
DA:106,0
DA:107,0
DA:116,0
DA:117,0
DA:119,0
DA:120,0
DA:121,0
DA:122,0
DA:125,0
DA:127,0
DA:128,0
DA:129,0
DA:130,0
DA:131,0
DA:133,0
DA:135,0
DA:136,0
DA:138,0
DA:139,0
DA:141,0
DA:142,0
DA:144,0
DA:145,0
DA:147,0
DA:148,0
DA:149,0
DA:154,0
DA:156,0
DA:157,0
DA:158,0
DA:159,0
DA:160,0
DA:162,0
DA:164,0
DA:165,0
DA:166,0
DA:167,0
DA:169,0
DA:177,0
DA:179,0
DA:90,0
DA:100,0
DA:101,0
DA:105,0
DA:106,0
DA:107,0
DA:116,0
DA:117,0
DA:119,0
DA:120,0
DA:121,0
DA:122,0
DA:125,0
DA:127,0
DA:128,0
DA:129,0
DA:130,0
DA:131,0
DA:133,0
DA:135,0
DA:136,0
DA:138,0
DA:139,0
DA:141,0
DA:142,0
DA:144,0
DA:145,0
DA:147,0
DA:148,0
DA:149,0
DA:154,0
DA:156,0
DA:157,0
DA:158,0
DA:159,0
DA:160,0
DA:162,0
DA:164,0
DA:165,0
DA:166,0
DA:167,0
DA:169,0
DA:172,0
DA:173,0
DA:175,0
DA:90,0
DA:100,0
DA:101,0
DA:105,0
DA:106,0
DA:107,0
DA:116,0
DA:117,0
DA:119,0
DA:120,0
DA:121,0
DA:122,0
DA:125,0
DA:127,0
DA:128,0
DA:129,0
DA:130,0
DA:131,0
DA:133,0
DA:135,0
DA:136,0
DA:138,0
DA:139,0
DA:141,0
DA:142,0
DA:144,0
DA:145,0
DA:147,0
DA:148,0
DA:149,0
DA:154,0
DA:156,0
DA:157,0
DA:158,0
DA:159,0
DA:160,0
DA:162,0
DA:164,0
DA:165,0
DA:166,0
DA:167,0
DA:169,0
DA:177,0
DA:179,0
DA:90,0
DA:100,0
DA:101,0
DA:105,0
DA:106,0
DA:107,0
DA:116,0
DA:117,0
DA:119,0
DA:120,0
DA:121,0
DA:122,0
DA:125,0
DA:127,0
DA:128,0
DA:129,0
DA:130,0
DA:131,0
DA:133,0
DA:135,0
DA:136,0
DA:138,0
DA:139,0
DA:141,0
DA:142,0
DA:144,0
DA:145,0
DA:147,0
DA:148,0
DA:149,0
DA:154,0
DA:156,0
DA:157,0
DA:158,0
DA:159,0
DA:160,0
DA:162,0
DA:164,0
DA:165,0
DA:166,0
DA:167,0
DA:169,0
DA:172,0
DA:173,0
DA:175,0
DA:90,0
DA:100,0
DA:101,0
DA:105,0
DA:106,0
DA:107,0
DA:116,0
DA:117,0
DA:119,0
DA:120,0
DA:121,0
DA:122,0
DA:125,0
DA:127,0
DA:128,0
DA:129,0
DA:130,0
DA:131,0
DA:133,0
DA:135,0
DA:136,0
DA:138,0
DA:139,0
DA:141,0
DA:142,0
DA:144,0
DA:145,0
DA:147,0
DA:148,0
DA:149,0
DA:154,0
DA:156,0
DA:157,0
DA:158,0
DA:159,0
DA:160,0
DA:162,0
DA:164,0
DA:165,0
DA:166,0
DA:167,0
DA:169,0
DA:177,0
DA:179,0
DA:208,0
DA:216,0
DA:217,0
DA:219,0
DA:220,0
DA:221,0
DA:222,0
DA:225,0
DA:228,0
DA:229,0
DA:230,0
DA:232,0
DA:235,0
DA:248,0
DA:249,0
DA:250,0
DA:251,0
DA:253,0
DA:256,0
DA:258,0
DA:261,0
DA:264,0
DA:265,0
DA:269,0
DA:270,0
DA:272,0
DA:274,0
DA:275,0
DA:277,0
DA:282,0
DA:283,0
DA:284,0
DA:287,0
DA:288,0
DA:289,0
DA:290,0
DA:291,0
DA:292,0
DA:295,0
DA:305,0
DA:308,0
DA:310,0
DA:208,0
DA:216,0
DA:217,0
DA:219,0
DA:220,0
DA:221,0
DA:222,0
DA:228,0
DA:229,0
DA:230,0
DA:232,0
DA:235,0
DA:248,0
DA:249,0
DA:250,0
DA:251,0
DA:253,0
DA:256,0
DA:258,0
DA:261,0
DA:264,0
DA:265,0
DA:269,0
DA:270,0
DA:272,0
DA:274,0
DA:275,0
DA:277,0
DA:282,0
DA:283,0
DA:284,0
DA:287,0
DA:288,0
DA:289,0
DA:290,0
DA:291,0
DA:292,0
DA:295,0
DA:305,0
DA:308,0
DA:310,0
DA:208,0
DA:216,0
DA:217,0
DA:219,0
DA:220,0
DA:221,0
DA:222,0
DA:225,0
DA:228,0
DA:229,0
DA:230,0
DA:232,0
DA:235,0
DA:248,0
DA:249,0
DA:250,0
DA:251,0
DA:253,0
DA:256,0
DA:258,0
DA:261,0
DA:264,0
DA:265,0
DA:269,0
DA:270,0
DA:272,0
DA:274,0
DA:275,0
DA:277,0
DA:282,0
DA:283,0
DA:284,0
DA:287,0
DA:288,0
DA:289,0
DA:290,0
DA:291,0
DA:292,0
DA:295,0
DA:305,0
DA:308,0
DA:310,0
DA:208,0
DA:216,0
DA:217,0
DA:219,0
DA:220,0
DA:221,0
DA:222,0
DA:228,0
DA:229,0
DA:230,0
DA:232,0
DA:235,0
DA:248,0
DA:249,0
DA:250,0
DA:251,0
DA:253,0
DA:256,0
DA:258,0
DA:261,0
DA:264,0
DA:265,0
DA:269,0
DA:270,0
DA:272,0
DA:274,0
DA:275,0
DA:277,0
DA:282,0
DA:283,0
DA:284,0
DA:287,0
DA:288,0
DA:289,0
DA:290,0
DA:291,0
DA:292,0
DA:295,0
DA:305,0
DA:308,0
DA:310,0
DA:208,0
DA:216,0
DA:217,0
DA:219,0
DA:220,0
DA:221,0
DA:222,0
DA:225,0
DA:228,0
DA:229,0
DA:230,0
DA:232,0
DA:235,0
DA:248,0
DA:249,0
DA:250,0
DA:251,0
DA:253,0
DA:256,0
DA:258,0
DA:261,0
DA:264,0
DA:265,0
DA:269,0
DA:270,0
DA:272,0
DA:274,0
DA:275,0
DA:277,0
DA:282,0
DA:283,0
DA:284,0
DA:287,0
DA:288,0
DA:289,0
DA:290,0
DA:291,0
DA:292,0
DA:295,0
DA:305,0
DA:308,0
DA:310,0
DA:208,0
DA:216,0
DA:217,0
DA:219,0
DA:220,0
DA:221,0
DA:222,0
DA:228,0
DA:229,0
DA:230,0
DA:232,0
DA:235,0
DA:248,0
DA:249,0
DA:250,0
DA:251,0
DA:253,0
DA:256,0
DA:258,0
DA:261,0
DA:264,0
DA:265,0
DA:269,0
DA:270,0
DA:272,0
DA:274,0
DA:275,0
DA:277,0
DA:282,0
DA:283,0
DA:284,0
DA:287,0
DA:288,0
DA:289,0
DA:290,0
DA:291,0
DA:292,0
DA:295,0
DA:305,0
DA:308,0
DA:310,0
end_of_record
SF:/home/share/samba/flyingcys/LingDongGUI/.worktree/gui-test-coverage/examples/common/Arm-2D/Library/Source/__arm_2d_tile_2xssaa_transform.c
FN:100,__arm_2d_impl_gray8_2xssaa_get_pixel_colour_with_alpha
FNDA:0,__arm_2d_impl_gray8_2xssaa_get_pixel_colour_with_alpha
FN:168,__arm_2d_impl_gray8_2xssaa_transform_with_opacity
FNDA:0,__arm_2d_impl_gray8_2xssaa_transform_with_opacity
FN:272,__arm_2d_impl_rgb565_2xssaa_get_pixel_colour_with_alpha
FNDA:0,__arm_2d_impl_rgb565_2xssaa_get_pixel_colour_with_alpha
FN:340,__arm_2d_impl_rgb565_2xssaa_transform_with_opacity
FNDA:0,__arm_2d_impl_rgb565_2xssaa_transform_with_opacity
FN:444,__arm_2d_impl_cccn888_2xssaa_get_pixel_colour_with_alpha
FNDA:0,__arm_2d_impl_cccn888_2xssaa_get_pixel_colour_with_alpha
FN:512,__arm_2d_impl_cccn888_2xssaa_transform_with_opacity
FNDA:0,__arm_2d_impl_cccn888_2xssaa_transform_with_opacity
DA:100,0
DA:110,0
DA:111,0
DA:112,0
DA:120,0
DA:122,0
DA:124,0
DA:125,0
DA:127,0
DA:129,0
DA:130,0
DA:165,0
DA:168,0
DA:172,0
DA:173,0
DA:175,0
DA:176,0
DA:177,0
DA:178,0
DA:179,0
DA:180,0
DA:181,0
DA:182,0
DA:185,0
DA:186,0
DA:188,0
DA:190,0
DA:193,0
DA:206,0
DA:207,0
DA:208,0
DA:209,0
DA:211,0
DA:214,0
DA:216,0
DA:219,0
DA:222,0
DA:223,0
DA:228,0
DA:229,0
DA:231,0
DA:233,0
DA:234,0
DA:236,0
DA:240,0
DA:241,0
DA:242,0
DA:245,0
DA:246,0
DA:247,0
DA:248,0
DA:249,0
DA:250,0
DA:253,0
DA:262,0
DA:264,0
DA:266,0
DA:272,0
DA:282,0
DA:283,0
DA:284,0
DA:292,0
DA:294,0
DA:296,0
DA:297,0
DA:299,0
DA:301,0
DA:302,0
DA:337,0
DA:340,0
DA:344,0
DA:345,0
DA:347,0
DA:348,0
DA:349,0
DA:350,0
DA:351,0
DA:352,0
DA:353,0
DA:354,0
DA:357,0
DA:358,0
DA:360,0
DA:362,0
DA:365,0
DA:378,0
DA:379,0
DA:380,0
DA:381,0
DA:383,0
DA:386,0
DA:388,0
DA:391,0
DA:394,0
DA:395,0
DA:400,0
DA:401,0
DA:403,0
DA:405,0
DA:406,0
DA:408,0
DA:412,0
DA:413,0
DA:414,0
DA:417,0
DA:418,0
DA:419,0
DA:420,0
DA:421,0
DA:422,0
DA:425,0
DA:434,0
DA:436,0
DA:438,0
DA:444,0
DA:454,0
DA:455,0
DA:456,0
DA:464,0
DA:466,0
DA:468,0
DA:469,0
DA:471,0
DA:473,0
DA:474,0
DA:509,0
DA:512,0
DA:516,0
DA:517,0
DA:519,0
DA:520,0
DA:521,0
DA:522,0
DA:523,0
DA:524,0
DA:525,0
DA:526,0
DA:529,0
DA:530,0
DA:532,0
DA:534,0
DA:537,0
DA:550,0
DA:551,0
DA:552,0
DA:553,0
DA:555,0
DA:558,0
DA:560,0
DA:563,0
DA:566,0
DA:567,0
DA:572,0
DA:573,0
DA:575,0
DA:577,0
DA:578,0
DA:580,0
DA:584,0
DA:585,0
DA:586,0
DA:589,0
DA:590,0
DA:591,0
DA:592,0
DA:593,0
DA:594,0
DA:597,0
DA:606,0
DA:608,0
DA:610,0
end_of_record
SF:/home/share/samba/flyingcys/LingDongGUI/.worktree/gui-test-coverage/examples/common/Arm-2D/Library/Source/__arm_2d_fill_colour_with_transformed_mask_and_target_mask.c
FN:97,arm_2dp_gray8_fill_colour_with_transformed_mask_and_target_mask_prepare
FNDA:0,arm_2dp_gray8_fill_colour_with_transformed_mask_and_target_mask_prepare
FN:159,__gray8_fill_colour_with_transformed_mask_and_target_mask_process_point
FNDA:0,__gray8_fill_colour_with_transformed_mask_and_target_mask_process_point
FN:285,__arm_2d_impl_gray8_colour_filling_with_transformed_mask_and_target_mask
FNDA:0,__arm_2d_impl_gray8_colour_filling_with_transformed_mask_and_target_mask
FN:432,__arm_2d_gray8_sw_colour_filling_with_transformed_mask_and_target_mask
FNDA:0,__arm_2d_gray8_sw_colour_filling_with_transformed_mask_and_target_mask
FN:531,arm_2dp_gray8_fill_colour_with_transformed_mask_target_mask_and_opacity_prepare
FNDA:0,arm_2dp_gray8_fill_colour_with_transformed_mask_target_mask_and_opacity_prepare
FN:595,__gray8_fill_colour_with_transformed_mask_target_mask_and_opacity_process_point
FNDA:0,__gray8_fill_colour_with_transformed_mask_target_mask_and_opacity_process_point
FN:719,__arm_2d_impl_gray8_colour_filling_with_transformed_mask_target_mask_and_opacity
FNDA:0,__arm_2d_impl_gray8_colour_filling_with_transformed_mask_target_mask_and_opacity
FN:868,__arm_2d_gray8_sw_colour_filling_with_transformed_mask_target_mask_and_opacity
FNDA:0,__arm_2d_gray8_sw_colour_filling_with_transformed_mask_target_mask_and_opacity
FN:975,arm_2dp_rgb565_fill_colour_with_transformed_mask_and_target_mask_prepare
FNDA:0,arm_2dp_rgb565_fill_colour_with_transformed_mask_and_target_mask_prepare
FN:1037,__rgb565_fill_colour_with_transformed_mask_and_target_mask_process_point
FNDA:0,__rgb565_fill_colour_with_transformed_mask_and_target_mask_process_point
FN:1163,__arm_2d_impl_rgb565_colour_filling_with_transformed_mask_and_target_mask
FNDA:0,__arm_2d_impl_rgb565_colour_filling_with_transformed_mask_and_target_mask
FN:1310,__arm_2d_rgb565_sw_colour_filling_with_transformed_mask_and_target_mask
FNDA:0,__arm_2d_rgb565_sw_colour_filling_with_transformed_mask_and_target_mask
FN:1409,arm_2dp_rgb565_fill_colour_with_transformed_mask_target_mask_and_opacity_prepare
FNDA:0,arm_2dp_rgb565_fill_colour_with_transformed_mask_target_mask_and_opacity_prepare
FN:1473,__rgb565_fill_colour_with_transformed_mask_target_mask_and_opacity_process_point
FNDA:0,__rgb565_fill_colour_with_transformed_mask_target_mask_and_opacity_process_point
FN:1597,__arm_2d_impl_rgb565_colour_filling_with_transformed_mask_target_mask_and_opacity
FNDA:0,__arm_2d_impl_rgb565_colour_filling_with_transformed_mask_target_mask_and_opacity
FN:1746,__arm_2d_rgb565_sw_colour_filling_with_transformed_mask_target_mask_and_opacity
FNDA:0,__arm_2d_rgb565_sw_colour_filling_with_transformed_mask_target_mask_and_opacity
FN:1853,arm_2dp_cccn888_fill_colour_with_transformed_mask_and_target_mask_prepare
FNDA:0,arm_2dp_cccn888_fill_colour_with_transformed_mask_and_target_mask_prepare
FN:1915,__cccn888_fill_colour_with_transformed_mask_and_target_mask_process_point
FNDA:0,__cccn888_fill_colour_with_transformed_mask_and_target_mask_process_point
FN:2041,__arm_2d_impl_cccn888_colour_filling_with_transformed_mask_and_target_mask
FNDA:0,__arm_2d_impl_cccn888_colour_filling_with_transformed_mask_and_target_mask
FN:2188,__arm_2d_cccn888_sw_colour_filling_with_transformed_mask_and_target_mask
FNDA:0,__arm_2d_cccn888_sw_colour_filling_with_transformed_mask_and_target_mask
FN:2287,arm_2dp_cccn888_fill_colour_with_transformed_mask_target_mask_and_opacity_prepare
FNDA:0,arm_2dp_cccn888_fill_colour_with_transformed_mask_target_mask_and_opacity_prepare
FN:2351,__cccn888_fill_colour_with_transformed_mask_target_mask_and_opacity_process_point
FNDA:0,__cccn888_fill_colour_with_transformed_mask_target_mask_and_opacity_process_point
FN:2475,__arm_2d_impl_cccn888_colour_filling_with_transformed_mask_target_mask_and_opacity
FNDA:0,__arm_2d_impl_cccn888_colour_filling_with_transformed_mask_target_mask_and_opacity
FN:2624,__arm_2d_cccn888_sw_colour_filling_with_transformed_mask_target_mask_and_opacity
FNDA:0,__arm_2d_cccn888_sw_colour_filling_with_transformed_mask_target_mask_and_opacity
DA:97,0
DA:107,0
DA:108,0
DA:110,0
DA:113,0
DA:118,0
DA:119,0
DA:123,0
DA:128,0
DA:129,0
DA:132,0
DA:133,0
DA:136,0
DA:138,0
DA:139,0
DA:140,0
DA:141,0
DA:142,0
DA:144,0
DA:145,0
DA:146,0
DA:147,0
DA:148,0
DA:150,0
DA:159,0
DA:173,0
DA:174,0
DA:175,0
DA:178,0
DA:179,0
DA:181,0
DA:184,0
DA:185,0
DA:186,0
DA:187,0
DA:188,0
DA:216,0
DA:217,0
DA:218,0
DA:219,0
DA:221,0
DA:223,0
DA:224,0
DA:226,0
DA:227,0
DA:229,0
DA:230,0
DA:232,0
DA:233,0
DA:235,0
DA:236,0
DA:237,0
DA:240,0
DA:241,0
DA:242,0
DA:243,0
DA:246,0
DA:281,0
DA:285,0
DA:289,0
DA:292,0
DA:293,0
DA:296,0
DA:297,0
DA:300,0
DA:301,0
DA:306,0
DA:311,0
DA:314,0
DA:316,0
DA:317,0
DA:319,0
DA:320,0
DA:321,0
DA:328,0
DA:333,0
DA:335,0
DA:338,0
DA:354,0
DA:355,0
DA:356,0
DA:357,0
DA:359,0
DA:362,0
DA:364,0
DA:367,0
DA:368,0
DA:370,0
DA:372,0
DA:373,0
DA:374,0
DA:375,0
DA:380,0
DA:381,0
DA:384,0
DA:385,0
DA:387,0
DA:389,0
DA:390,0
DA:392,0
DA:396,0
DA:397,0
DA:398,0
DA:399,0
DA:400,0
DA:403,0
DA:404,0
DA:405,0
DA:406,0
DA:407,0
DA:408,0
DA:411,0
DA:421,0
DA:422,0
DA:424,0
DA:432,0
DA:435,0
DA:436,0
DA:438,0
DA:439,0
DA:442,0
DA:447,0
DA:451,0
DA:453,0
DA:454,0
DA:455,0
DA:478,0
DA:484,0
DA:531,0
DA:542,0
DA:543,0
DA:545,0
DA:548,0
DA:553,0
DA:554,0
DA:558,0
DA:563,0
DA:564,0
DA:567,0
DA:568,0
DA:571,0
DA:573,0
DA:574,0
DA:575,0
DA:576,0
DA:577,0
DA:579,0
DA:580,0
DA:581,0
DA:582,0
DA:583,0
DA:584,0
DA:586,0
DA:595,0
DA:610,0
DA:611,0
DA:612,0
DA:615,0
DA:616,0
DA:618,0
DA:621,0
DA:622,0
DA:623,0
DA:624,0
DA:625,0
DA:653,0
DA:654,0
DA:655,0
DA:656,0
DA:658,0
DA:660,0
DA:661,0
DA:663,0
DA:664,0
DA:666,0
DA:667,0
DA:669,0
DA:670,0
DA:672,0
DA:673,0
DA:674,0
DA:675,0
DA:678,0
DA:679,0
DA:681,0
DA:715,0
DA:719,0
DA:724,0
DA:727,0
DA:728,0
DA:731,0
DA:732,0
DA:735,0
DA:736,0
DA:741,0
DA:746,0
DA:749,0
DA:751,0
DA:752,0
DA:754,0
DA:755,0
DA:756,0
DA:763,0
DA:766,0
DA:768,0
DA:770,0
DA:773,0
DA:789,0
DA:790,0
DA:791,0
DA:792,0
DA:794,0
DA:797,0
DA:799,0
DA:802,0
DA:803,0
DA:805,0
DA:807,0
DA:808,0
DA:809,0
DA:810,0
DA:815,0
DA:816,0
DA:819,0
DA:820,0
DA:822,0
DA:824,0
DA:825,0
DA:827,0
DA:831,0
DA:832,0
DA:833,0
DA:834,0
DA:835,0
DA:838,0
DA:839,0
DA:840,0
DA:841,0
DA:842,0
DA:843,0
DA:846,0
DA:857,0
DA:858,0
DA:860,0
DA:868,0
DA:871,0
DA:872,0
DA:874,0
DA:875,0
DA:878,0
DA:883,0
DA:887,0
DA:889,0
DA:890,0
DA:891,0
DA:914,0
DA:915,0
DA:921,0
DA:924,0
DA:928,0
DA:975,0
DA:985,0
DA:986,0
DA:988,0
DA:991,0
DA:996,0
DA:997,0
DA:1001,0
DA:1006,0
DA:1007,0
DA:1010,0
DA:1011,0
DA:1014,0
DA:1016,0
DA:1017,0
DA:1018,0
DA:1019,0
DA:1020,0
DA:1022,0
DA:1023,0
DA:1024,0
DA:1025,0
DA:1026,0
DA:1028,0
DA:1037,0
DA:1051,0
DA:1052,0
DA:1053,0
DA:1056,0
DA:1057,0
DA:1059,0
DA:1062,0
DA:1063,0
DA:1064,0
DA:1065,0
DA:1066,0
DA:1094,0
DA:1095,0
DA:1096,0
DA:1097,0
DA:1099,0
DA:1101,0
DA:1102,0
DA:1104,0
DA:1105,0
DA:1107,0
DA:1108,0
DA:1110,0
DA:1111,0
DA:1113,0
DA:1114,0
DA:1115,0
DA:1118,0
DA:1119,0
DA:1120,0
DA:1121,0
DA:1124,0
DA:1159,0
DA:1163,0
DA:1167,0
DA:1170,0
DA:1171,0
DA:1174,0
DA:1175,0
DA:1178,0
DA:1179,0
DA:1184,0
DA:1189,0
DA:1192,0
DA:1194,0
DA:1195,0
DA:1197,0
DA:1198,0
DA:1199,0
DA:1206,0
DA:1211,0
DA:1213,0
DA:1216,0
DA:1232,0
DA:1233,0
DA:1234,0
DA:1235,0
DA:1237,0
DA:1240,0
DA:1242,0
DA:1245,0
DA:1246,0
DA:1248,0
DA:1250,0
DA:1251,0
DA:1252,0
DA:1253,0
DA:1258,0
DA:1259,0
DA:1262,0
DA:1263,0
DA:1265,0
DA:1267,0
DA:1268,0
DA:1270,0
DA:1274,0
DA:1275,0
DA:1276,0
DA:1277,0
DA:1278,0
DA:1281,0
DA:1282,0
DA:1283,0
DA:1284,0
DA:1285,0
DA:1286,0
DA:1289,0
DA:1299,0
DA:1300,0
DA:1302,0
DA:1310,0
DA:1313,0
DA:1314,0
DA:1316,0
DA:1317,0
DA:1320,0
DA:1325,0
DA:1329,0
DA:1331,0
DA:1332,0
DA:1333,0
DA:1356,0
DA:1362,0
DA:1409,0
DA:1420,0
DA:1421,0
DA:1423,0
DA:1426,0
DA:1431,0
DA:1432,0
DA:1436,0
DA:1441,0
DA:1442,0
DA:1445,0
DA:1446,0
DA:1449,0
DA:1451,0
DA:1452,0
DA:1453,0
DA:1454,0
DA:1455,0
DA:1457,0
DA:1458,0
DA:1459,0
DA:1460,0
DA:1461,0
DA:1462,0
DA:1464,0
DA:1473,0
DA:1488,0
DA:1489,0
DA:1490,0
DA:1493,0
DA:1494,0
DA:1496,0
DA:1499,0
DA:1500,0
DA:1501,0
DA:1502,0
DA:1503,0
DA:1531,0
DA:1532,0
DA:1533,0
DA:1534,0
DA:1536,0
DA:1538,0
DA:1539,0
DA:1541,0
DA:1542,0
DA:1544,0
DA:1545,0
DA:1547,0
DA:1548,0
DA:1550,0
DA:1551,0
DA:1552,0
DA:1553,0
DA:1556,0
DA:1557,0
DA:1559,0
DA:1593,0
DA:1597,0
DA:1602,0
DA:1605,0
DA:1606,0
DA:1609,0
DA:1610,0
DA:1613,0
DA:1614,0
DA:1619,0
DA:1624,0
DA:1627,0
DA:1629,0
DA:1630,0
DA:1632,0
DA:1633,0
DA:1634,0
DA:1641,0
DA:1644,0
DA:1646,0
DA:1648,0
DA:1651,0
DA:1667,0
DA:1668,0
DA:1669,0
DA:1670,0
DA:1672,0
DA:1675,0
DA:1677,0
DA:1680,0
DA:1681,0
DA:1683,0
DA:1685,0
DA:1686,0
DA:1687,0
DA:1688,0
DA:1693,0
DA:1694,0
DA:1697,0
DA:1698,0
DA:1700,0
DA:1702,0
DA:1703,0
DA:1705,0
DA:1709,0
DA:1710,0
DA:1711,0
DA:1712,0
DA:1713,0
DA:1716,0
DA:1717,0
DA:1718,0
DA:1719,0
DA:1720,0
DA:1721,0
DA:1724,0
DA:1735,0
DA:1736,0
DA:1738,0
DA:1746,0
DA:1749,0
DA:1750,0
DA:1752,0
DA:1753,0
DA:1756,0
DA:1761,0
DA:1765,0
DA:1767,0
DA:1768,0
DA:1769,0
DA:1792,0
DA:1793,0
DA:1799,0
DA:1802,0
DA:1806,0
DA:1853,0
DA:1863,0
DA:1864,0
DA:1866,0
DA:1869,0
DA:1874,0
DA:1875,0
DA:1879,0
DA:1884,0
DA:1885,0
DA:1888,0
DA:1889,0
DA:1892,0
DA:1894,0
DA:1895,0
DA:1896,0
DA:1897,0
DA:1898,0
DA:1900,0
DA:1901,0
DA:1902,0
DA:1903,0
DA:1904,0
DA:1906,0
DA:1915,0
DA:1929,0
DA:1930,0
DA:1931,0
DA:1934,0
DA:1935,0
DA:1937,0
DA:1940,0
DA:1941,0
DA:1942,0
DA:1943,0
DA:1944,0
DA:1972,0
DA:1973,0
DA:1974,0
DA:1975,0
DA:1977,0
DA:1979,0
DA:1980,0
DA:1982,0
DA:1983,0
DA:1985,0
DA:1986,0
DA:1988,0
DA:1989,0
DA:1991,0
DA:1992,0
DA:1993,0
DA:1996,0
DA:1997,0
DA:1998,0
DA:1999,0
DA:2002,0
DA:2037,0
DA:2041,0
DA:2045,0
DA:2048,0
DA:2049,0
DA:2052,0
DA:2053,0
DA:2056,0
DA:2057,0
DA:2062,0
DA:2067,0
DA:2070,0
DA:2072,0
DA:2073,0
DA:2075,0
DA:2076,0
DA:2077,0
DA:2084,0
DA:2089,0
DA:2091,0
DA:2094,0
DA:2110,0
DA:2111,0
DA:2112,0
DA:2113,0
DA:2115,0
DA:2118,0
DA:2120,0
DA:2123,0
DA:2124,0
DA:2126,0
DA:2128,0
DA:2129,0
DA:2130,0
DA:2131,0
DA:2136,0
DA:2137,0
DA:2140,0
DA:2141,0
DA:2143,0
DA:2145,0
DA:2146,0
DA:2148,0
DA:2152,0
DA:2153,0
DA:2154,0
DA:2155,0
DA:2156,0
DA:2159,0
DA:2160,0
DA:2161,0
DA:2162,0
DA:2163,0
DA:2164,0
DA:2167,0
DA:2177,0
DA:2178,0
DA:2180,0
DA:2188,0
DA:2191,0
DA:2192,0
DA:2194,0
DA:2195,0
DA:2198,0
DA:2203,0
DA:2207,0
DA:2209,0
DA:2210,0
DA:2211,0
DA:2234,0
DA:2240,0
DA:2287,0
DA:2298,0
DA:2299,0
DA:2301,0
DA:2304,0
DA:2309,0
DA:2310,0
DA:2314,0
DA:2319,0
DA:2320,0
DA:2323,0
DA:2324,0
DA:2327,0
DA:2329,0
DA:2330,0
DA:2331,0
DA:2332,0
DA:2333,0
DA:2335,0
DA:2336,0
DA:2337,0
DA:2338,0
DA:2339,0
DA:2340,0
DA:2342,0
DA:2351,0
DA:2366,0
DA:2367,0
DA:2368,0
DA:2371,0
DA:2372,0
DA:2374,0
DA:2377,0
DA:2378,0
DA:2379,0
DA:2380,0
DA:2381,0
DA:2409,0
DA:2410,0
DA:2411,0
DA:2412,0
DA:2414,0
DA:2416,0
DA:2417,0
DA:2419,0
DA:2420,0
DA:2422,0
DA:2423,0
DA:2425,0
DA:2426,0
DA:2428,0
DA:2429,0
DA:2430,0
DA:2431,0
DA:2434,0
DA:2435,0
DA:2437,0
DA:2471,0
DA:2475,0
DA:2480,0
DA:2483,0
DA:2484,0
DA:2487,0
DA:2488,0
DA:2491,0
DA:2492,0
DA:2497,0
DA:2502,0
DA:2505,0
DA:2507,0
DA:2508,0
DA:2510,0
DA:2511,0
DA:2512,0
DA:2519,0
DA:2522,0
DA:2524,0
DA:2526,0
DA:2529,0
DA:2545,0
DA:2546,0
DA:2547,0
DA:2548,0
DA:2550,0
DA:2553,0
DA:2555,0
DA:2558,0
DA:2559,0
DA:2561,0
DA:2563,0
DA:2564,0
DA:2565,0
DA:2566,0
DA:2571,0
DA:2572,0
DA:2575,0
DA:2576,0
DA:2578,0
DA:2580,0
DA:2581,0
DA:2583,0
DA:2587,0
DA:2588,0
DA:2589,0
DA:2590,0
DA:2591,0
DA:2594,0
DA:2595,0
DA:2596,0
DA:2597,0
DA:2598,0
DA:2599,0
DA:2602,0
DA:2613,0
DA:2614,0
DA:2616,0
DA:2624,0
DA:2627,0
DA:2628,0
DA:2630,0
DA:2631,0
DA:2634,0
DA:2639,0
DA:2643,0
DA:2645,0
DA:2646,0
DA:2647,0
DA:2670,0
DA:2671,0
DA:2677,0
DA:2680,0
DA:2684,0
end_of_record
SF:/home/share/samba/flyingcys/LingDongGUI/.worktree/gui-test-coverage/examples/common/Arm-2D/Library/Source/__arm_2d_tile_copy_with_transformed_mask_source_mask_and_target_mask.c
FN:102,arm_2dp_gray8_tile_copy_with_transformed_mask_prepare
FNDA:0,arm_2dp_gray8_tile_copy_with_transformed_mask_prepare
FN:174,__gray8_tile_copy_with_transformed_mask_process_point
FNDA:0,__gray8_tile_copy_with_transformed_mask_process_point
FN:298,__arm_2d_impl_gray8_tile_copy_with_transformed_mask
FNDA:0,__arm_2d_impl_gray8_tile_copy_with_transformed_mask
FN:429,__ccca8888_tile_copy_to_gray8_with_transformed_mask_process_point
FNDA:0,__ccca8888_tile_copy_to_gray8_with_transformed_mask_process_point
FN:553,__arm_2d_impl_ccca8888_tile_copy_to_gray8_with_transformed_mask
FNDA:0,__arm_2d_impl_ccca8888_tile_copy_to_gray8_with_transformed_mask
FN:684,__arm_2d_gray8_sw_tile_copy_with_transformed_mask
FNDA:0,__arm_2d_gray8_sw_tile_copy_with_transformed_mask
FN:789,arm_2dp_gray8_tile_copy_with_transformed_mask_and_opacity_prepare
FNDA:0,arm_2dp_gray8_tile_copy_with_transformed_mask_and_opacity_prepare
FN:863,__gray8_tile_copy_with_transformed_mask_and_opacity_process_point
FNDA:0,__gray8_tile_copy_with_transformed_mask_and_opacity_process_point
FN:985,__arm_2d_impl_gray8_tile_copy_with_transformed_mask_and_opacity
FNDA:0,__arm_2d_impl_gray8_tile_copy_with_transformed_mask_and_opacity
FN:1119,__ccca8888_tile_copy_to_gray8_with_transformed_mask_and_opacity_process_point
FNDA:0,__ccca8888_tile_copy_to_gray8_with_transformed_mask_and_opacity_process_point
FN:1247,__arm_2d_impl_ccca8888_tile_copy_to_gray8_with_transformed_mask_and_opacity
FNDA:0,__arm_2d_impl_ccca8888_tile_copy_to_gray8_with_transformed_mask_and_opacity
FN:1381,__arm_2d_gray8_sw_tile_copy_with_transformed_mask_and_opacity
FNDA:0,__arm_2d_gray8_sw_tile_copy_with_transformed_mask_and_opacity
FN:1498,arm_2dp_gray8_tile_copy_with_transformed_mask_and_target_mask_prepare
FNDA:0,arm_2dp_gray8_tile_copy_with_transformed_mask_and_target_mask_prepare
FN:1581,__gray8_tile_copy_with_transformed_mask_and_target_mask_process_point
FNDA:0,__gray8_tile_copy_with_transformed_mask_and_target_mask_process_point
FN:1714,__arm_2d_impl_gray8_tile_copy_with_transformed_mask_and_target_mask
FNDA:0,__arm_2d_impl_gray8_tile_copy_with_transformed_mask_and_target_mask
FN:1857,__ccca8888_tile_copy_to_gray8_with_transformed_mask_and_target_mask_process_point
FNDA:0,__ccca8888_tile_copy_to_gray8_with_transformed_mask_and_target_mask_process_point
FN:1990,__arm_2d_impl_ccca8888_tile_copy_to_gray8_with_transformed_mask_and_target_mask
FNDA:0,__arm_2d_impl_ccca8888_tile_copy_to_gray8_with_transformed_mask_and_target_mask
FN:2133,__arm_2d_gray8_sw_tile_copy_with_transformed_mask_and_target_mask
FNDA:0,__arm_2d_gray8_sw_tile_copy_with_transformed_mask_and_target_mask
FN:2247,arm_2dp_gray8_tile_copy_with_transformed_mask_target_mask_and_opacity_prepare
FNDA:0,arm_2dp_gray8_tile_copy_with_transformed_mask_target_mask_and_opacity_prepare
FN:2332,__gray8_tile_copy_with_transformed_mask_target_mask_and_opacity_process_point
FNDA:0,__gray8_tile_copy_with_transformed_mask_target_mask_and_opacity_process_point
FN:2463,__arm_2d_impl_gray8_tile_copy_with_transformed_mask_target_mask_and_opacity
FNDA:0,__arm_2d_impl_gray8_tile_copy_with_transformed_mask_target_mask_and_opacity
FN:2609,__ccca8888_tile_copy_to_gray8_with_transformed_mask_target_mask_and_opacity_process_point
FNDA:0,__ccca8888_tile_copy_to_gray8_with_transformed_mask_target_mask_and_opacity_process_point
FN:2746,__arm_2d_impl_ccca8888_tile_copy_to_gray8_with_transformed_mask_target_mask_and_opacity
FNDA:0,__arm_2d_impl_ccca8888_tile_copy_to_gray8_with_transformed_mask_target_mask_and_opacity
FN:2892,__arm_2d_gray8_sw_tile_copy_with_transformed_mask_target_mask_and_opacity
FNDA:0,__arm_2d_gray8_sw_tile_copy_with_transformed_mask_target_mask_and_opacity
FN:3019,arm_2dp_gray8_tile_copy_with_transformed_mask_and_source_mask_prepare
FNDA:0,arm_2dp_gray8_tile_copy_with_transformed_mask_and_source_mask_prepare
FN:3114,__gray8_tile_copy_with_transformed_mask_and_source_mask_process_point
FNDA:0,__gray8_tile_copy_with_transformed_mask_and_source_mask_process_point
FN:3247,__arm_2d_impl_gray8_tile_copy_with_transformed_mask_and_source_mask
FNDA:0,__arm_2d_impl_gray8_tile_copy_with_transformed_mask_and_source_mask
FN:3385,__ccca8888_tile_copy_to_gray8_with_transformed_mask_and_source_mask_process_point
FNDA:0,__ccca8888_tile_copy_to_gray8_with_transformed_mask_and_source_mask_process_point
FN:3518,__arm_2d_impl_ccca8888_tile_copy_to_gray8_with_transformed_mask_and_source_mask
FNDA:0,__arm_2d_impl_ccca8888_tile_copy_to_gray8_with_transformed_mask_and_source_mask
FN:3656,__arm_2d_gray8_sw_tile_copy_with_transformed_mask_and_source_mask
FNDA:0,__arm_2d_gray8_sw_tile_copy_with_transformed_mask_and_source_mask
FN:3773,arm_2dp_gray8_tile_copy_with_transformed_mask_source_mask_and_opacity_prepare
FNDA:0,arm_2dp_gray8_tile_copy_with_transformed_mask_source_mask_and_opacity_prepare
FN:3870,__gray8_tile_copy_with_transformed_mask_source_mask_and_opacity_process_point
FNDA:0,__gray8_tile_copy_with_transformed_mask_source_mask_and_opacity_process_point
FN:4001,__arm_2d_impl_gray8_tile_copy_with_transformed_mask_source_mask_and_opacity
FNDA:0,__arm_2d_impl_gray8_tile_copy_with_transformed_mask_source_mask_and_opacity
FN:4142,__ccca8888_tile_copy_to_gray8_with_transformed_mask_source_mask_and_opacity_process_point
FNDA:0,__ccca8888_tile_copy_to_gray8_with_transformed_mask_source_mask_and_opacity_process_point
FN:4279,__arm_2d_impl_ccca8888_tile_copy_to_gray8_with_transformed_mask_source_mask_and_opacity
FNDA:0,__arm_2d_impl_ccca8888_tile_copy_to_gray8_with_transformed_mask_source_mask_and_opacity
FN:4420,__arm_2d_gray8_sw_tile_copy_with_transformed_mask_source_mask_and_opacity
FNDA:0,__arm_2d_gray8_sw_tile_copy_with_transformed_mask_source_mask_and_opacity
FN:4549,arm_2dp_gray8_tile_copy_with_transformed_mask_source_mask_and_target_mask_prepare
FNDA:0,arm_2dp_gray8_tile_copy_with_transformed_mask_source_mask_and_target_mask_prepare
FN:4655,__gray8_tile_copy_with_transformed_mask_source_mask_and_target_mask_process_point
FNDA:0,__gray8_tile_copy_with_transformed_mask_source_mask_and_target_mask_process_point
FN:4797,__arm_2d_impl_gray8_tile_copy_with_transformed_mask_source_mask_and_target_mask
FNDA:0,__arm_2d_impl_gray8_tile_copy_with_transformed_mask_source_mask_and_target_mask
FN:4947,__ccca8888_tile_copy_to_gray8_with_transformed_mask_source_mask_and_target_mask_process_point
FNDA:0,__ccca8888_tile_copy_to_gray8_with_transformed_mask_source_mask_and_target_mask_process_point
FN:5089,__arm_2d_impl_ccca8888_tile_copy_to_gray8_with_transformed_mask_source_mask_and_target_mask
FNDA:0,__arm_2d_impl_ccca8888_tile_copy_to_gray8_with_transformed_mask_source_mask_and_target_mask
FN:5239,__arm_2d_gray8_sw_tile_copy_with_transformed_mask_source_mask_and_target_mask
FNDA:0,__arm_2d_gray8_sw_tile_copy_with_transformed_mask_source_mask_and_target_mask
FN:5365,arm_2dp_gray8_tile_copy_with_transformed_mask_source_mask_target_mask_and_opacity_prepare
FNDA:0,arm_2dp_gray8_tile_copy_with_transformed_mask_source_mask_target_mask_and_opacity_prepare
FN:5473,__gray8_tile_copy_with_transformed_mask_source_mask_target_mask_and_opacity_process_point
FNDA:0,__gray8_tile_copy_with_transformed_mask_source_mask_target_mask_and_opacity_process_point
FN:5613,__arm_2d_impl_gray8_tile_copy_with_transformed_mask_source_mask_target_mask_and_opacity
FNDA:0,__arm_2d_impl_gray8_tile_copy_with_transformed_mask_source_mask_target_mask_and_opacity
FN:5766,__ccca8888_tile_copy_to_gray8_with_transformed_mask_source_mask_target_mask_and_opacity_process_point
FNDA:0,__ccca8888_tile_copy_to_gray8_with_transformed_mask_source_mask_target_mask_and_opacity_process_point
FN:5912,__arm_2d_impl_ccca8888_tile_copy_to_gray8_with_transformed_mask_source_mask_target_mask_and_opacity
FNDA:0,__arm_2d_impl_ccca8888_tile_copy_to_gray8_with_transformed_mask_source_mask_target_mask_and_opacity
FN:6065,__arm_2d_gray8_sw_tile_copy_with_transformed_mask_source_mask_target_mask_and_opacity
FNDA:0,__arm_2d_gray8_sw_tile_copy_with_transformed_mask_source_mask_target_mask_and_opacity
FN:6203,arm_2dp_rgb565_tile_copy_with_transformed_mask_prepare
FNDA:0,arm_2dp_rgb565_tile_copy_with_transformed_mask_prepare
FN:6275,__rgb565_tile_copy_with_transformed_mask_process_point
FNDA:0,__rgb565_tile_copy_with_transformed_mask_process_point
FN:6399,__arm_2d_impl_rgb565_tile_copy_with_transformed_mask
FNDA:0,__arm_2d_impl_rgb565_tile_copy_with_transformed_mask
FN:6530,__ccca8888_tile_copy_to_rgb565_with_transformed_mask_process_point
FNDA:0,__ccca8888_tile_copy_to_rgb565_with_transformed_mask_process_point
FN:6654,__arm_2d_impl_ccca8888_tile_copy_to_rgb565_with_transformed_mask
FNDA:0,__arm_2d_impl_ccca8888_tile_copy_to_rgb565_with_transformed_mask
FN:6785,__arm_2d_rgb565_sw_tile_copy_with_transformed_mask
FNDA:0,__arm_2d_rgb565_sw_tile_copy_with_transformed_mask
FN:6890,arm_2dp_rgb565_tile_copy_with_transformed_mask_and_opacity_prepare
FNDA:0,arm_2dp_rgb565_tile_copy_with_transformed_mask_and_opacity_prepare
FN:6964,__rgb565_tile_copy_with_transformed_mask_and_opacity_process_point
FNDA:0,__rgb565_tile_copy_with_transformed_mask_and_opacity_process_point
FN:7086,__arm_2d_impl_rgb565_tile_copy_with_transformed_mask_and_opacity
FNDA:0,__arm_2d_impl_rgb565_tile_copy_with_transformed_mask_and_opacity
FN:7220,__ccca8888_tile_copy_to_rgb565_with_transformed_mask_and_opacity_process_point
FNDA:0,__ccca8888_tile_copy_to_rgb565_with_transformed_mask_and_opacity_process_point
FN:7348,__arm_2d_impl_ccca8888_tile_copy_to_rgb565_with_transformed_mask_and_opacity
FNDA:0,__arm_2d_impl_ccca8888_tile_copy_to_rgb565_with_transformed_mask_and_opacity
FN:7482,__arm_2d_rgb565_sw_tile_copy_with_transformed_mask_and_opacity
FNDA:0,__arm_2d_rgb565_sw_tile_copy_with_transformed_mask_and_opacity
FN:7599,arm_2dp_rgb565_tile_copy_with_transformed_mask_and_target_mask_prepare
FNDA:0,arm_2dp_rgb565_tile_copy_with_transformed_mask_and_target_mask_prepare
FN:7682,__rgb565_tile_copy_with_transformed_mask_and_target_mask_process_point
FNDA:0,__rgb565_tile_copy_with_transformed_mask_and_target_mask_process_point
FN:7815,__arm_2d_impl_rgb565_tile_copy_with_transformed_mask_and_target_mask
FNDA:0,__arm_2d_impl_rgb565_tile_copy_with_transformed_mask_and_target_mask
FN:7958,__ccca8888_tile_copy_to_rgb565_with_transformed_mask_and_target_mask_process_point
FNDA:0,__ccca8888_tile_copy_to_rgb565_with_transformed_mask_and_target_mask_process_point
FN:8091,__arm_2d_impl_ccca8888_tile_copy_to_rgb565_with_transformed_mask_and_target_mask
FNDA:0,__arm_2d_impl_ccca8888_tile_copy_to_rgb565_with_transformed_mask_and_target_mask
FN:8234,__arm_2d_rgb565_sw_tile_copy_with_transformed_mask_and_target_mask
FNDA:0,__arm_2d_rgb565_sw_tile_copy_with_transformed_mask_and_target_mask
FN:8348,arm_2dp_rgb565_tile_copy_with_transformed_mask_target_mask_and_opacity_prepare
FNDA:0,arm_2dp_rgb565_tile_copy_with_transformed_mask_target_mask_and_opacity_prepare
FN:8433,__rgb565_tile_copy_with_transformed_mask_target_mask_and_opacity_process_point
FNDA:0,__rgb565_tile_copy_with_transformed_mask_target_mask_and_opacity_process_point
FN:8564,__arm_2d_impl_rgb565_tile_copy_with_transformed_mask_target_mask_and_opacity
FNDA:0,__arm_2d_impl_rgb565_tile_copy_with_transformed_mask_target_mask_and_opacity
FN:8710,__ccca8888_tile_copy_to_rgb565_with_transformed_mask_target_mask_and_opacity_process_point
FNDA:0,__ccca8888_tile_copy_to_rgb565_with_transformed_mask_target_mask_and_opacity_process_point
FN:8847,__arm_2d_impl_ccca8888_tile_copy_to_rgb565_with_transformed_mask_target_mask_and_opacity
FNDA:0,__arm_2d_impl_ccca8888_tile_copy_to_rgb565_with_transformed_mask_target_mask_and_opacity
FN:8993,__arm_2d_rgb565_sw_tile_copy_with_transformed_mask_target_mask_and_opacity
FNDA:0,__arm_2d_rgb565_sw_tile_copy_with_transformed_mask_target_mask_and_opacity
FN:9120,arm_2dp_rgb565_tile_copy_with_transformed_mask_and_source_mask_prepare
FNDA:0,arm_2dp_rgb565_tile_copy_with_transformed_mask_and_source_mask_prepare
FN:9215,__rgb565_tile_copy_with_transformed_mask_and_source_mask_process_point
FNDA:0,__rgb565_tile_copy_with_transformed_mask_and_source_mask_process_point
FN:9348,__arm_2d_impl_rgb565_tile_copy_with_transformed_mask_and_source_mask
FNDA:0,__arm_2d_impl_rgb565_tile_copy_with_transformed_mask_and_source_mask
FN:9486,__ccca8888_tile_copy_to_rgb565_with_transformed_mask_and_source_mask_process_point
FNDA:0,__ccca8888_tile_copy_to_rgb565_with_transformed_mask_and_source_mask_process_point
FN:9619,__arm_2d_impl_ccca8888_tile_copy_to_rgb565_with_transformed_mask_and_source_mask
FNDA:0,__arm_2d_impl_ccca8888_tile_copy_to_rgb565_with_transformed_mask_and_source_mask
FN:9757,__arm_2d_rgb565_sw_tile_copy_with_transformed_mask_and_source_mask
FNDA:0,__arm_2d_rgb565_sw_tile_copy_with_transformed_mask_and_source_mask
FN:9874,arm_2dp_rgb565_tile_copy_with_transformed_mask_source_mask_and_opacity_prepare
FNDA:0,arm_2dp_rgb565_tile_copy_with_transformed_mask_source_mask_and_opacity_prepare
FN:9971,__rgb565_tile_copy_with_transformed_mask_source_mask_and_opacity_process_point
FNDA:0,__rgb565_tile_copy_with_transformed_mask_source_mask_and_opacity_process_point
FN:10102,__arm_2d_impl_rgb565_tile_copy_with_transformed_mask_source_mask_and_opacity
FNDA:0,__arm_2d_impl_rgb565_tile_copy_with_transformed_mask_source_mask_and_opacity
FN:10243,__ccca8888_tile_copy_to_rgb565_with_transformed_mask_source_mask_and_opacity_process_point
FNDA:0,__ccca8888_tile_copy_to_rgb565_with_transformed_mask_source_mask_and_opacity_process_point
FN:10380,__arm_2d_impl_ccca8888_tile_copy_to_rgb565_with_transformed_mask_source_mask_and_opacity
FNDA:0,__arm_2d_impl_ccca8888_tile_copy_to_rgb565_with_transformed_mask_source_mask_and_opacity
FN:10521,__arm_2d_rgb565_sw_tile_copy_with_transformed_mask_source_mask_and_opacity
FNDA:0,__arm_2d_rgb565_sw_tile_copy_with_transformed_mask_source_mask_and_opacity
FN:10650,arm_2dp_rgb565_tile_copy_with_transformed_mask_source_mask_and_target_mask_prepare
FNDA:0,arm_2dp_rgb565_tile_copy_with_transformed_mask_source_mask_and_target_mask_prepare
FN:10756,__rgb565_tile_copy_with_transformed_mask_source_mask_and_target_mask_process_point
FNDA:0,__rgb565_tile_copy_with_transformed_mask_source_mask_and_target_mask_process_point
FN:10898,__arm_2d_impl_rgb565_tile_copy_with_transformed_mask_source_mask_and_target_mask
FNDA:0,__arm_2d_impl_rgb565_tile_copy_with_transformed_mask_source_mask_and_target_mask
FN:11048,__ccca8888_tile_copy_to_rgb565_with_transformed_mask_source_mask_and_target_mask_process_point
FNDA:0,__ccca8888_tile_copy_to_rgb565_with_transformed_mask_source_mask_and_target_mask_process_point
FN:11190,__arm_2d_impl_ccca8888_tile_copy_to_rgb565_with_transformed_mask_source_mask_and_target_mask
FNDA:0,__arm_2d_impl_ccca8888_tile_copy_to_rgb565_with_transformed_mask_source_mask_and_target_mask
FN:11340,__arm_2d_rgb565_sw_tile_copy_with_transformed_mask_source_mask_and_target_mask
FNDA:0,__arm_2d_rgb565_sw_tile_copy_with_transformed_mask_source_mask_and_target_mask
FN:11466,arm_2dp_rgb565_tile_copy_with_transformed_mask_source_mask_target_mask_and_opacity_prepare
FNDA:0,arm_2dp_rgb565_tile_copy_with_transformed_mask_source_mask_target_mask_and_opacity_prepare
FN:11574,__rgb565_tile_copy_with_transformed_mask_source_mask_target_mask_and_opacity_process_point
FNDA:0,__rgb565_tile_copy_with_transformed_mask_source_mask_target_mask_and_opacity_process_point
FN:11714,__arm_2d_impl_rgb565_tile_copy_with_transformed_mask_source_mask_target_mask_and_opacity
FNDA:0,__arm_2d_impl_rgb565_tile_copy_with_transformed_mask_source_mask_target_mask_and_opacity
FN:11867,__ccca8888_tile_copy_to_rgb565_with_transformed_mask_source_mask_target_mask_and_opacity_process_point
FNDA:0,__ccca8888_tile_copy_to_rgb565_with_transformed_mask_source_mask_target_mask_and_opacity_process_point
FN:12013,__arm_2d_impl_ccca8888_tile_copy_to_rgb565_with_transformed_mask_source_mask_target_mask_and_opacity
FNDA:0,__arm_2d_impl_ccca8888_tile_copy_to_rgb565_with_transformed_mask_source_mask_target_mask_and_opacity
FN:12166,__arm_2d_rgb565_sw_tile_copy_with_transformed_mask_source_mask_target_mask_and_opacity
FNDA:0,__arm_2d_rgb565_sw_tile_copy_with_transformed_mask_source_mask_target_mask_and_opacity
FN:12304,arm_2dp_cccn888_tile_copy_with_transformed_mask_prepare
FNDA:0,arm_2dp_cccn888_tile_copy_with_transformed_mask_prepare
FN:12376,__cccn888_tile_copy_with_transformed_mask_process_point
FNDA:0,__cccn888_tile_copy_with_transformed_mask_process_point
FN:12500,__arm_2d_impl_cccn888_tile_copy_with_transformed_mask
FNDA:0,__arm_2d_impl_cccn888_tile_copy_with_transformed_mask
FN:12631,__ccca8888_tile_copy_to_cccn888_with_transformed_mask_process_point
FNDA:0,__ccca8888_tile_copy_to_cccn888_with_transformed_mask_process_point
FN:12755,__arm_2d_impl_ccca8888_tile_copy_to_cccn888_with_transformed_mask
FNDA:0,__arm_2d_impl_ccca8888_tile_copy_to_cccn888_with_transformed_mask
FN:12886,__arm_2d_cccn888_sw_tile_copy_with_transformed_mask
FNDA:0,__arm_2d_cccn888_sw_tile_copy_with_transformed_mask
FN:12991,arm_2dp_cccn888_tile_copy_with_transformed_mask_and_opacity_prepare
FNDA:0,arm_2dp_cccn888_tile_copy_with_transformed_mask_and_opacity_prepare
FN:13065,__cccn888_tile_copy_with_transformed_mask_and_opacity_process_point
FNDA:0,__cccn888_tile_copy_with_transformed_mask_and_opacity_process_point
FN:13187,__arm_2d_impl_cccn888_tile_copy_with_transformed_mask_and_opacity
FNDA:0,__arm_2d_impl_cccn888_tile_copy_with_transformed_mask_and_opacity
FN:13321,__ccca8888_tile_copy_to_cccn888_with_transformed_mask_and_opacity_process_point
FNDA:0,__ccca8888_tile_copy_to_cccn888_with_transformed_mask_and_opacity_process_point
FN:13449,__arm_2d_impl_ccca8888_tile_copy_to_cccn888_with_transformed_mask_and_opacity
FNDA:0,__arm_2d_impl_ccca8888_tile_copy_to_cccn888_with_transformed_mask_and_opacity
FN:13583,__arm_2d_cccn888_sw_tile_copy_with_transformed_mask_and_opacity
FNDA:0,__arm_2d_cccn888_sw_tile_copy_with_transformed_mask_and_opacity
FN:13700,arm_2dp_cccn888_tile_copy_with_transformed_mask_and_target_mask_prepare
FNDA:0,arm_2dp_cccn888_tile_copy_with_transformed_mask_and_target_mask_prepare
FN:13783,__cccn888_tile_copy_with_transformed_mask_and_target_mask_process_point
FNDA:0,__cccn888_tile_copy_with_transformed_mask_and_target_mask_process_point
FN:13916,__arm_2d_impl_cccn888_tile_copy_with_transformed_mask_and_target_mask
FNDA:0,__arm_2d_impl_cccn888_tile_copy_with_transformed_mask_and_target_mask
FN:14059,__ccca8888_tile_copy_to_cccn888_with_transformed_mask_and_target_mask_process_point
FNDA:0,__ccca8888_tile_copy_to_cccn888_with_transformed_mask_and_target_mask_process_point
FN:14192,__arm_2d_impl_ccca8888_tile_copy_to_cccn888_with_transformed_mask_and_target_mask
FNDA:0,__arm_2d_impl_ccca8888_tile_copy_to_cccn888_with_transformed_mask_and_target_mask
FN:14335,__arm_2d_cccn888_sw_tile_copy_with_transformed_mask_and_target_mask
FNDA:0,__arm_2d_cccn888_sw_tile_copy_with_transformed_mask_and_target_mask
FN:14449,arm_2dp_cccn888_tile_copy_with_transformed_mask_target_mask_and_opacity_prepare
FNDA:0,arm_2dp_cccn888_tile_copy_with_transformed_mask_target_mask_and_opacity_prepare
FN:14534,__cccn888_tile_copy_with_transformed_mask_target_mask_and_opacity_process_point
FNDA:0,__cccn888_tile_copy_with_transformed_mask_target_mask_and_opacity_process_point
FN:14665,__arm_2d_impl_cccn888_tile_copy_with_transformed_mask_target_mask_and_opacity
FNDA:0,__arm_2d_impl_cccn888_tile_copy_with_transformed_mask_target_mask_and_opacity
FN:14811,__ccca8888_tile_copy_to_cccn888_with_transformed_mask_target_mask_and_opacity_process_point
FNDA:0,__ccca8888_tile_copy_to_cccn888_with_transformed_mask_target_mask_and_opacity_process_point
FN:14948,__arm_2d_impl_ccca8888_tile_copy_to_cccn888_with_transformed_mask_target_mask_and_opacity
FNDA:0,__arm_2d_impl_ccca8888_tile_copy_to_cccn888_with_transformed_mask_target_mask_and_opacity
FN:15094,__arm_2d_cccn888_sw_tile_copy_with_transformed_mask_target_mask_and_opacity
FNDA:0,__arm_2d_cccn888_sw_tile_copy_with_transformed_mask_target_mask_and_opacity
FN:15221,arm_2dp_cccn888_tile_copy_with_transformed_mask_and_source_mask_prepare
FNDA:0,arm_2dp_cccn888_tile_copy_with_transformed_mask_and_source_mask_prepare
FN:15316,__cccn888_tile_copy_with_transformed_mask_and_source_mask_process_point
FNDA:0,__cccn888_tile_copy_with_transformed_mask_and_source_mask_process_point
FN:15449,__arm_2d_impl_cccn888_tile_copy_with_transformed_mask_and_source_mask
FNDA:0,__arm_2d_impl_cccn888_tile_copy_with_transformed_mask_and_source_mask
FN:15587,__ccca8888_tile_copy_to_cccn888_with_transformed_mask_and_source_mask_process_point
FNDA:0,__ccca8888_tile_copy_to_cccn888_with_transformed_mask_and_source_mask_process_point
FN:15720,__arm_2d_impl_ccca8888_tile_copy_to_cccn888_with_transformed_mask_and_source_mask
FNDA:0,__arm_2d_impl_ccca8888_tile_copy_to_cccn888_with_transformed_mask_and_source_mask
FN:15858,__arm_2d_cccn888_sw_tile_copy_with_transformed_mask_and_source_mask
FNDA:0,__arm_2d_cccn888_sw_tile_copy_with_transformed_mask_and_source_mask
FN:15975,arm_2dp_cccn888_tile_copy_with_transformed_mask_source_mask_and_opacity_prepare
FNDA:0,arm_2dp_cccn888_tile_copy_with_transformed_mask_source_mask_and_opacity_prepare
FN:16072,__cccn888_tile_copy_with_transformed_mask_source_mask_and_opacity_process_point
FNDA:0,__cccn888_tile_copy_with_transformed_mask_source_mask_and_opacity_process_point
FN:16203,__arm_2d_impl_cccn888_tile_copy_with_transformed_mask_source_mask_and_opacity
FNDA:0,__arm_2d_impl_cccn888_tile_copy_with_transformed_mask_source_mask_and_opacity
FN:16344,__ccca8888_tile_copy_to_cccn888_with_transformed_mask_source_mask_and_opacity_process_point
FNDA:0,__ccca8888_tile_copy_to_cccn888_with_transformed_mask_source_mask_and_opacity_process_point
FN:16481,__arm_2d_impl_ccca8888_tile_copy_to_cccn888_with_transformed_mask_source_mask_and_opacity
FNDA:0,__arm_2d_impl_ccca8888_tile_copy_to_cccn888_with_transformed_mask_source_mask_and_opacity
FN:16622,__arm_2d_cccn888_sw_tile_copy_with_transformed_mask_source_mask_and_opacity
FNDA:0,__arm_2d_cccn888_sw_tile_copy_with_transformed_mask_source_mask_and_opacity
FN:16751,arm_2dp_cccn888_tile_copy_with_transformed_mask_source_mask_and_target_mask_prepare
FNDA:0,arm_2dp_cccn888_tile_copy_with_transformed_mask_source_mask_and_target_mask_prepare
FN:16857,__cccn888_tile_copy_with_transformed_mask_source_mask_and_target_mask_process_point
FNDA:0,__cccn888_tile_copy_with_transformed_mask_source_mask_and_target_mask_process_point
FN:16999,__arm_2d_impl_cccn888_tile_copy_with_transformed_mask_source_mask_and_target_mask
FNDA:0,__arm_2d_impl_cccn888_tile_copy_with_transformed_mask_source_mask_and_target_mask
FN:17149,__ccca8888_tile_copy_to_cccn888_with_transformed_mask_source_mask_and_target_mask_process_point
FNDA:0,__ccca8888_tile_copy_to_cccn888_with_transformed_mask_source_mask_and_target_mask_process_point
FN:17291,__arm_2d_impl_ccca8888_tile_copy_to_cccn888_with_transformed_mask_source_mask_and_target_mask
FNDA:0,__arm_2d_impl_ccca8888_tile_copy_to_cccn888_with_transformed_mask_source_mask_and_target_mask
FN:17441,__arm_2d_cccn888_sw_tile_copy_with_transformed_mask_source_mask_and_target_mask
FNDA:0,__arm_2d_cccn888_sw_tile_copy_with_transformed_mask_source_mask_and_target_mask
FN:17567,arm_2dp_cccn888_tile_copy_with_transformed_mask_source_mask_target_mask_and_opacity_prepare
FNDA:0,arm_2dp_cccn888_tile_copy_with_transformed_mask_source_mask_target_mask_and_opacity_prepare
FN:17675,__cccn888_tile_copy_with_transformed_mask_source_mask_target_mask_and_opacity_process_point
FNDA:0,__cccn888_tile_copy_with_transformed_mask_source_mask_target_mask_and_opacity_process_point
FN:17815,__arm_2d_impl_cccn888_tile_copy_with_transformed_mask_source_mask_target_mask_and_opacity
FNDA:0,__arm_2d_impl_cccn888_tile_copy_with_transformed_mask_source_mask_target_mask_and_opacity
FN:17968,__ccca8888_tile_copy_to_cccn888_with_transformed_mask_source_mask_target_mask_and_opacity_process_point
FNDA:0,__ccca8888_tile_copy_to_cccn888_with_transformed_mask_source_mask_target_mask_and_opacity_process_point
FN:18114,__arm_2d_impl_ccca8888_tile_copy_to_cccn888_with_transformed_mask_source_mask_target_mask_and_opacity
FNDA:0,__arm_2d_impl_ccca8888_tile_copy_to_cccn888_with_transformed_mask_source_mask_target_mask_and_opacity
FN:18267,__arm_2d_cccn888_sw_tile_copy_with_transformed_mask_source_mask_target_mask_and_opacity
FNDA:0,__arm_2d_cccn888_sw_tile_copy_with_transformed_mask_source_mask_target_mask_and_opacity
DA:102,0
DA:111,0
DA:112,0
DA:114,0
DA:136,0
DA:141,0
DA:142,0
DA:145,0
DA:146,0
DA:149,0
DA:151,0
DA:152,0
DA:153,0
DA:154,0
DA:155,0
DA:157,0
DA:158,0
DA:159,0
DA:160,0
DA:162,0
DA:163,0
DA:165,0
DA:174,0
DA:187,0
DA:188,0
DA:189,0
DA:192,0
DA:193,0
DA:195,0
DA:198,0
DA:199,0
DA:200,0
DA:201,0
DA:202,0
DA:230,0
DA:231,0
DA:232,0
DA:233,0
DA:235,0
DA:237,0
DA:238,0
DA:240,0
DA:241,0
DA:243,0
DA:244,0
DA:246,0
DA:247,0
DA:249,0
DA:250,0
DA:254,0
DA:255,0
DA:257,0
DA:259,0
DA:294,0
DA:298,0
DA:302,0
DA:306,0
DA:307,0
DA:308,0
DA:309,0
DA:311,0
DA:317,0
DA:320,0
DA:322,0
DA:323,0
DA:325,0
DA:326,0
DA:328,0
DA:333,0
DA:335,0
DA:338,0
DA:351,0
DA:352,0
DA:353,0
DA:354,0
DA:356,0
DA:359,0
DA:361,0
DA:364,0
DA:365,0
DA:367,0
DA:373,0
DA:378,0
DA:379,0
DA:382,0
DA:383,0
DA:385,0
DA:387,0
DA:388,0
DA:390,0
DA:394,0
DA:395,0
DA:396,0
DA:397,0
DA:398,0
DA:401,0
DA:402,0
DA:403,0
DA:404,0
DA:405,0
DA:406,0
DA:407,0
DA:410,0
DA:419,0
DA:420,0
DA:422,0
DA:429,0
DA:442,0
DA:443,0
DA:444,0
DA:447,0
DA:448,0
DA:450,0
DA:453,0
DA:454,0
DA:455,0
DA:456,0
DA:457,0
DA:485,0
DA:486,0
DA:487,0
DA:488,0
DA:490,0
DA:492,0
DA:493,0
DA:495,0
DA:496,0
DA:498,0
DA:499,0
DA:501,0
DA:502,0
DA:504,0
DA:505,0
DA:510,0
DA:511,0
DA:514,0
DA:549,0
DA:553,0
DA:557,0
DA:561,0
DA:562,0
DA:563,0
DA:564,0
DA:566,0
DA:572,0
DA:575,0
DA:577,0
DA:578,0
DA:580,0
DA:581,0
DA:583,0
DA:588,0
DA:590,0
DA:593,0
DA:606,0
DA:607,0
DA:608,0
DA:609,0
DA:611,0
DA:614,0
DA:616,0
DA:619,0
DA:620,0
DA:622,0
DA:628,0
DA:633,0
DA:634,0
DA:637,0
DA:638,0
DA:640,0
DA:642,0
DA:643,0
DA:645,0
DA:649,0
DA:650,0
DA:651,0
DA:652,0
DA:653,0
DA:656,0
DA:657,0
DA:658,0
DA:659,0
DA:660,0
DA:661,0
DA:662,0
DA:665,0
DA:674,0
DA:675,0
DA:677,0
DA:684,0
DA:687,0
DA:688,0
DA:690,0
DA:696,0
DA:701,0
DA:705,0
DA:736,0
DA:742,0
DA:789,0
DA:799,0
DA:800,0
DA:802,0
DA:824,0
DA:829,0
DA:830,0
DA:833,0
DA:834,0
DA:837,0
DA:839,0
DA:840,0
DA:841,0
DA:842,0
DA:843,0
DA:845,0
DA:846,0
DA:847,0
DA:848,0
DA:850,0
DA:851,0
DA:852,0
DA:854,0
DA:863,0
DA:877,0
DA:878,0
DA:879,0
DA:882,0
DA:883,0
DA:885,0
DA:888,0
DA:889,0
DA:890,0
DA:891,0
DA:892,0
DA:920,0
DA:921,0
DA:922,0
DA:923,0
DA:925,0
DA:927,0
DA:928,0
DA:930,0
DA:931,0
DA:933,0
DA:934,0
DA:936,0
DA:937,0
DA:939,0
DA:940,0
DA:941,0
DA:945,0
DA:947,0
DA:981,0
DA:985,0
DA:990,0
DA:994,0
DA:995,0
DA:996,0
DA:997,0
DA:999,0
DA:1005,0
DA:1008,0
DA:1010,0
DA:1011,0
DA:1013,0
DA:1014,0
DA:1016,0
DA:1020,0
DA:1022,0
DA:1024,0
DA:1027,0
DA:1040,0
DA:1041,0
DA:1042,0
DA:1043,0
DA:1045,0
DA:1048,0
DA:1050,0
DA:1053,0
DA:1054,0
DA:1056,0
DA:1062,0
DA:1067,0
DA:1068,0
DA:1071,0
DA:1072,0
DA:1074,0
DA:1076,0
DA:1077,0
DA:1079,0
DA:1083,0
DA:1084,0
DA:1085,0
DA:1086,0
DA:1087,0
DA:1090,0
DA:1091,0
DA:1092,0
DA:1093,0
DA:1094,0
DA:1095,0
DA:1096,0
DA:1099,0
DA:1109,0
DA:1110,0
DA:1112,0
DA:1119,0
DA:1133,0
DA:1134,0
DA:1135,0
DA:1138,0
DA:1139,0
DA:1141,0
DA:1144,0
DA:1145,0
DA:1146,0
DA:1147,0
DA:1148,0
DA:1176,0
DA:1177,0
DA:1178,0
DA:1179,0
DA:1181,0
DA:1183,0
DA:1184,0
DA:1186,0
DA:1187,0
DA:1189,0
DA:1190,0
DA:1192,0
DA:1193,0
DA:1195,0
DA:1196,0
DA:1197,0
DA:1202,0
DA:1203,0
DA:1206,0
DA:1243,0
DA:1247,0
DA:1252,0
DA:1256,0
DA:1257,0
DA:1258,0
DA:1259,0
DA:1261,0
DA:1267,0
DA:1270,0
DA:1272,0
DA:1273,0
DA:1275,0
DA:1276,0
DA:1278,0
DA:1282,0
DA:1284,0
DA:1286,0
DA:1289,0
DA:1302,0
DA:1303,0
DA:1304,0
DA:1305,0
DA:1307,0
DA:1310,0
DA:1312,0
DA:1315,0
DA:1316,0
DA:1318,0
DA:1324,0
DA:1329,0
DA:1330,0
DA:1333,0
DA:1334,0
DA:1336,0
DA:1338,0
DA:1339,0
DA:1341,0
DA:1345,0
DA:1346,0
DA:1347,0
DA:1348,0
DA:1349,0
DA:1352,0
DA:1353,0
DA:1354,0
DA:1355,0
DA:1356,0
DA:1357,0
DA:1358,0
DA:1361,0
DA:1371,0
DA:1372,0
DA:1374,0
DA:1381,0
DA:1384,0
DA:1385,0
DA:1386,0
DA:1387,0
DA:1391,0
DA:1392,0
DA:1397,0
DA:1403,0
DA:1408,0
DA:1412,0
DA:1444,0
DA:1447,0
DA:1451,0
DA:1498,0
DA:1508,0
DA:1509,0
DA:1510,0
DA:1512,0
DA:1534,0
DA:1539,0
DA:1540,0
DA:1543,0
DA:1548,0
DA:1549,0
DA:1552,0
DA:1553,0
DA:1556,0
DA:1558,0
DA:1559,0
DA:1560,0
DA:1561,0
DA:1562,0
DA:1564,0
DA:1565,0
DA:1566,0
DA:1567,0
DA:1569,0
DA:1570,0
DA:1572,0
DA:1581,0
DA:1595,0
DA:1596,0
DA:1597,0
DA:1600,0
DA:1601,0
DA:1603,0
DA:1606,0
DA:1607,0
DA:1608,0
DA:1609,0
DA:1610,0
DA:1638,0
DA:1639,0
DA:1640,0
DA:1641,0
DA:1643,0
DA:1645,0
DA:1646,0
DA:1648,0
DA:1649,0
DA:1651,0
DA:1652,0
DA:1654,0
DA:1655,0
DA:1657,0
DA:1658,0
DA:1663,0
DA:1664,0
DA:1665,0
DA:1666,0
DA:1667,0
DA:1669,0
DA:1671,0
DA:1710,0
DA:1714,0
DA:1718,0
DA:1722,0
DA:1723,0
DA:1724,0
DA:1725,0
DA:1727,0
DA:1733,0
DA:1736,0
DA:1737,0
DA:1741,0
DA:1743,0
DA:1745,0
DA:1746,0
DA:1748,0
DA:1749,0
DA:1751,0
DA:1756,0
DA:1758,0
DA:1761,0
DA:1774,0
DA:1775,0
DA:1776,0
DA:1777,0
DA:1779,0
DA:1782,0
DA:1784,0
DA:1787,0
DA:1788,0
DA:1789,0
DA:1791,0
DA:1792,0
DA:1794,0
DA:1795,0
DA:1797,0
DA:1798,0
DA:1799,0
DA:1804,0
DA:1805,0
DA:1808,0
DA:1809,0
DA:1811,0
DA:1813,0
DA:1814,0
DA:1816,0
DA:1820,0
DA:1821,0
DA:1822,0
DA:1823,0
DA:1824,0
DA:1827,0
DA:1828,0
DA:1829,0
DA:1830,0
DA:1831,0
DA:1832,0
DA:1833,0
DA:1836,0
DA:1846,0
DA:1847,0
DA:1848,0
DA:1850,0
DA:1857,0
DA:1871,0
DA:1872,0
DA:1873,0
DA:1876,0
DA:1877,0
DA:1879,0
DA:1882,0
DA:1883,0
DA:1884,0
DA:1885,0
DA:1886,0
DA:1914,0
DA:1915,0
DA:1916,0
DA:1917,0
DA:1919,0
DA:1921,0
DA:1922,0
DA:1924,0
DA:1925,0
DA:1927,0
DA:1928,0
DA:1930,0
DA:1931,0
DA:1933,0
DA:1934,0
DA:1939,0
DA:1940,0
DA:1941,0
DA:1943,0
DA:1944,0
DA:1947,0
DA:1986,0
DA:1990,0
DA:1994,0
DA:1998,0
DA:1999,0
DA:2000,0
DA:2001,0
DA:2003,0
DA:2009,0
DA:2012,0
DA:2013,0
DA:2017,0
DA:2019,0
DA:2021,0
DA:2022,0
DA:2024,0
DA:2025,0
DA:2027,0
DA:2032,0
DA:2034,0
DA:2037,0
DA:2050,0
DA:2051,0
DA:2052,0
DA:2053,0
DA:2055,0
DA:2058,0
DA:2060,0
DA:2063,0
DA:2064,0
DA:2065,0
DA:2067,0
DA:2068,0
DA:2070,0
DA:2071,0
DA:2073,0
DA:2074,0
DA:2075,0
DA:2080,0
DA:2081,0
DA:2084,0
DA:2085,0
DA:2087,0
DA:2089,0
DA:2090,0
DA:2092,0
DA:2096,0
DA:2097,0
DA:2098,0
DA:2099,0
DA:2100,0
DA:2103,0
DA:2104,0
DA:2105,0
DA:2106,0
DA:2107,0
DA:2108,0
DA:2109,0
DA:2112,0
DA:2122,0
DA:2123,0
DA:2124,0
DA:2126,0
DA:2133,0
DA:2136,0
DA:2137,0
DA:2139,0
DA:2145,0
DA:2150,0
DA:2153,0
DA:2158,0
DA:2159,0
DA:2162,0
DA:2193,0
DA:2199,0
DA:2247,0
DA:2258,0
DA:2259,0
DA:2260,0
DA:2262,0
DA:2284,0
DA:2289,0
DA:2290,0
DA:2293,0
DA:2298,0
DA:2299,0
DA:2302,0
DA:2303,0
DA:2306,0
DA:2308,0
DA:2309,0
DA:2310,0
DA:2311,0
DA:2312,0
DA:2314,0
DA:2315,0
DA:2316,0
DA:2317,0
DA:2319,0
DA:2320,0
DA:2321,0
DA:2323,0
DA:2332,0
DA:2347,0
DA:2348,0
DA:2349,0
DA:2352,0
DA:2353,0
DA:2355,0
DA:2358,0
DA:2359,0
DA:2360,0
DA:2361,0
DA:2362,0
DA:2390,0
DA:2391,0
DA:2392,0
DA:2393,0
DA:2395,0
DA:2397,0
DA:2398,0
DA:2400,0
DA:2401,0
DA:2403,0
DA:2404,0
DA:2406,0
DA:2407,0
DA:2409,0
DA:2410,0
DA:2411,0
DA:2416,0
DA:2417,0
DA:2418,0
DA:2419,0
DA:2421,0
DA:2459,0
DA:2463,0
DA:2468,0
DA:2472,0
DA:2473,0
DA:2474,0
DA:2475,0
DA:2477,0
DA:2483,0
DA:2486,0
DA:2487,0
DA:2491,0
DA:2493,0
DA:2495,0
DA:2496,0
DA:2498,0
DA:2499,0
DA:2501,0
DA:2505,0
DA:2507,0
DA:2509,0
DA:2512,0
DA:2525,0
DA:2526,0
DA:2527,0
DA:2528,0
DA:2530,0
DA:2533,0
DA:2535,0
DA:2538,0
DA:2539,0
DA:2540,0
DA:2542,0
DA:2543,0
DA:2545,0
DA:2546,0
DA:2548,0
DA:2549,0
DA:2550,0
DA:2555,0
DA:2556,0
DA:2559,0
DA:2560,0
DA:2562,0
DA:2564,0
DA:2565,0
DA:2567,0
DA:2571,0
DA:2572,0
DA:2573,0
DA:2574,0
DA:2575,0
DA:2578,0
DA:2579,0
DA:2580,0
DA:2581,0
DA:2582,0
DA:2583,0
DA:2584,0
DA:2587,0
DA:2598,0
DA:2599,0
DA:2600,0
DA:2602,0
DA:2609,0
DA:2624,0
DA:2625,0
DA:2626,0
DA:2629,0
DA:2630,0
DA:2632,0
DA:2635,0
DA:2636,0
DA:2637,0
DA:2638,0
DA:2639,0
DA:2667,0
DA:2668,0
DA:2669,0
DA:2670,0
DA:2672,0
DA:2674,0
DA:2675,0
DA:2677,0
DA:2678,0
DA:2680,0
DA:2681,0
DA:2683,0
DA:2684,0
DA:2686,0
DA:2687,0
DA:2688,0
DA:2693,0
DA:2694,0
DA:2695,0
DA:2697,0
DA:2698,0
DA:2701,0
DA:2742,0
DA:2746,0
DA:2751,0
DA:2755,0
DA:2756,0
DA:2757,0
DA:2758,0
DA:2760,0
DA:2766,0
DA:2769,0
DA:2770,0
DA:2774,0
DA:2776,0
DA:2778,0
DA:2779,0
DA:2781,0
DA:2782,0
DA:2784,0
DA:2788,0
DA:2790,0
DA:2792,0
DA:2795,0
DA:2808,0
DA:2809,0
DA:2810,0
DA:2811,0
DA:2813,0
DA:2816,0
DA:2818,0
DA:2821,0
DA:2822,0
DA:2823,0
DA:2825,0
DA:2826,0
DA:2828,0
DA:2829,0
DA:2831,0
DA:2832,0
DA:2833,0
DA:2838,0
DA:2839,0
DA:2842,0
DA:2843,0
DA:2845,0
DA:2847,0
DA:2848,0
DA:2850,0
DA:2854,0
DA:2855,0
DA:2856,0
DA:2857,0
DA:2858,0
DA:2861,0
DA:2862,0
DA:2863,0
DA:2864,0
DA:2865,0
DA:2866,0
DA:2867,0
DA:2870,0
DA:2881,0
DA:2882,0
DA:2883,0
DA:2885,0
DA:2892,0
DA:2895,0
DA:2896,0
DA:2897,0
DA:2898,0
DA:2902,0
DA:2903,0
DA:2908,0
DA:2914,0
DA:2919,0
DA:2922,0
DA:2927,0
DA:2928,0
DA:2931,0
DA:2963,0
DA:2966,0
DA:2970,0
DA:3019,0
DA:3029,0
DA:3030,0
DA:3031,0
DA:3033,0
DA:3054,0
DA:3059,0
DA:3060,0
DA:3067,0
DA:3068,0
DA:3070,0
DA:3071,0
DA:3076,0
DA:3081,0
DA:3082,0
DA:3085,0
DA:3086,0
DA:3089,0
DA:3091,0
DA:3092,0
DA:3093,0
DA:3094,0
DA:3095,0
DA:3097,0
DA:3098,0
DA:3099,0
DA:3100,0
DA:3102,0
DA:3103,0
DA:3105,0
DA:3114,0
DA:3128,0
DA:3129,0
DA:3130,0
DA:3133,0
DA:3134,0
DA:3136,0
DA:3139,0
DA:3140,0
DA:3141,0
DA:3142,0
DA:3143,0
DA:3171,0
DA:3172,0
DA:3173,0
DA:3174,0
DA:3176,0
DA:3178,0
DA:3179,0
DA:3181,0
DA:3182,0
DA:3184,0
DA:3185,0
DA:3187,0
DA:3188,0
DA:3190,0
DA:3191,0
DA:3196,0
DA:3197,0
DA:3198,0
DA:3199,0
DA:3200,0
DA:3202,0
DA:3204,0
DA:3243,0
DA:3247,0
DA:3251,0
DA:3255,0
DA:3256,0
DA:3257,0
DA:3258,0
DA:3260,0
DA:3266,0
DA:3269,0
DA:3271,0
DA:3272,0
DA:3273,0
DA:3274,0
DA:3276,0
DA:3277,0
DA:3279,0
DA:3284,0
DA:3286,0
DA:3289,0
DA:3302,0
DA:3303,0
DA:3304,0
DA:3305,0
DA:3307,0
DA:3310,0
DA:3312,0
DA:3315,0
DA:3316,0
DA:3317,0
DA:3319,0
DA:3320,0
DA:3322,0
DA:3323,0
DA:3325,0
DA:3326,0
DA:3327,0
DA:3332,0
DA:3333,0
DA:3336,0
DA:3337,0
DA:3339,0
DA:3341,0
DA:3342,0
DA:3344,0
DA:3348,0
DA:3349,0
DA:3350,0
DA:3351,0
DA:3352,0
DA:3355,0
DA:3356,0
DA:3357,0
DA:3358,0
DA:3359,0
DA:3360,0
DA:3361,0
DA:3364,0
DA:3374,0
DA:3375,0
DA:3376,0
DA:3378,0
DA:3385,0
DA:3399,0
DA:3400,0
DA:3401,0
DA:3404,0
DA:3405,0
DA:3407,0
DA:3410,0
DA:3411,0
DA:3412,0
DA:3413,0
DA:3414,0
DA:3442,0
DA:3443,0
DA:3444,0
DA:3445,0
DA:3447,0
DA:3449,0
DA:3450,0
DA:3452,0
DA:3453,0
DA:3455,0
DA:3456,0
DA:3458,0
DA:3459,0
DA:3461,0
DA:3462,0
DA:3467,0
DA:3468,0
DA:3469,0
DA:3471,0
DA:3472,0
DA:3475,0
DA:3514,0
DA:3518,0
DA:3522,0
DA:3526,0
DA:3527,0
DA:3528,0
DA:3529,0
DA:3531,0
DA:3537,0
DA:3540,0
DA:3542,0
DA:3543,0
DA:3544,0
DA:3545,0
DA:3547,0
DA:3548,0
DA:3550,0
DA:3555,0
DA:3557,0
DA:3560,0
DA:3573,0
DA:3574,0
DA:3575,0
DA:3576,0
DA:3578,0
DA:3581,0
DA:3583,0
DA:3586,0
DA:3587,0
DA:3588,0
DA:3590,0
DA:3591,0
DA:3593,0
DA:3594,0
DA:3596,0
DA:3597,0
DA:3598,0
DA:3603,0
DA:3604,0
DA:3607,0
DA:3608,0
DA:3610,0
DA:3612,0
DA:3613,0
DA:3615,0
DA:3619,0
DA:3620,0
DA:3621,0
DA:3622,0
DA:3623,0
DA:3626,0
DA:3627,0
DA:3628,0
DA:3629,0
DA:3630,0
DA:3631,0
DA:3632,0
DA:3635,0
DA:3645,0
DA:3646,0
DA:3647,0
DA:3649,0
DA:3656,0
DA:3659,0
DA:3660,0
DA:3662,0
DA:3668,0
DA:3673,0
DA:3679,0
DA:3684,0
DA:3685,0
DA:3688,0
DA:3719,0
DA:3725,0
DA:3773,0
DA:3784,0
DA:3785,0
DA:3786,0
DA:3788,0
DA:3809,0
DA:3814,0
DA:3815,0
DA:3822,0
DA:3823,0
DA:3825,0
DA:3826,0
DA:3831,0
DA:3836,0
DA:3837,0
DA:3840,0
DA:3841,0
DA:3844,0
DA:3846,0
DA:3847,0
DA:3848,0
DA:3849,0
DA:3850,0
DA:3852,0
DA:3853,0
DA:3854,0
DA:3855,0
DA:3857,0
DA:3858,0
DA:3859,0
DA:3861,0
DA:3870,0
DA:3885,0
DA:3886,0
DA:3887,0
DA:3890,0
DA:3891,0
DA:3893,0
DA:3896,0
DA:3897,0
DA:3898,0
DA:3899,0
DA:3900,0
DA:3928,0
DA:3929,0
DA:3930,0
DA:3931,0
DA:3933,0
DA:3935,0
DA:3936,0
DA:3938,0
DA:3939,0
DA:3941,0
DA:3942,0
DA:3944,0
DA:3945,0
DA:3947,0
DA:3948,0
DA:3949,0
DA:3954,0
DA:3955,0
DA:3956,0
DA:3957,0
DA:3959,0
DA:3997,0
DA:4001,0
DA:4006,0
DA:4010,0
DA:4011,0
DA:4012,0
DA:4013,0
DA:4015,0
DA:4021,0
DA:4024,0
DA:4026,0
DA:4027,0
DA:4028,0
DA:4029,0
DA:4031,0
DA:4032,0
DA:4034,0
DA:4038,0
DA:4040,0
DA:4042,0
DA:4045,0
DA:4058,0
DA:4059,0
DA:4060,0
DA:4061,0
DA:4063,0
DA:4066,0
DA:4068,0
DA:4071,0
DA:4072,0
DA:4073,0
DA:4075,0
DA:4076,0
DA:4078,0
DA:4079,0
DA:4081,0
DA:4082,0
DA:4083,0
DA:4088,0
DA:4089,0
DA:4092,0
DA:4093,0
DA:4095,0
DA:4097,0
DA:4098,0
DA:4100,0
DA:4104,0
DA:4105,0
DA:4106,0
DA:4107,0
DA:4108,0
DA:4111,0
DA:4112,0
DA:4113,0
DA:4114,0
DA:4115,0
DA:4116,0
DA:4117,0
DA:4120,0
DA:4131,0
DA:4132,0
DA:4133,0
DA:4135,0
DA:4142,0
DA:4157,0
DA:4158,0
DA:4159,0
DA:4162,0
DA:4163,0
DA:4165,0
DA:4168,0
DA:4169,0
DA:4170,0
DA:4171,0
DA:4172,0
DA:4200,0
DA:4201,0
DA:4202,0
DA:4203,0
DA:4205,0
DA:4207,0
DA:4208,0
DA:4210,0
DA:4211,0
DA:4213,0
DA:4214,0
DA:4216,0
DA:4217,0
DA:4219,0
DA:4220,0
DA:4221,0
DA:4226,0
DA:4227,0
DA:4228,0
DA:4230,0
DA:4231,0
DA:4234,0
DA:4275,0
DA:4279,0
DA:4284,0
DA:4288,0
DA:4289,0
DA:4290,0
DA:4291,0
DA:4293,0
DA:4299,0
DA:4302,0
DA:4304,0
DA:4305,0
DA:4306,0
DA:4307,0
DA:4309,0
DA:4310,0
DA:4312,0
DA:4316,0
DA:4318,0
DA:4320,0
DA:4323,0
DA:4336,0
DA:4337,0
DA:4338,0
DA:4339,0
DA:4341,0
DA:4344,0
DA:4346,0
DA:4349,0
DA:4350,0
DA:4351,0
DA:4353,0
DA:4354,0
DA:4356,0
DA:4357,0
DA:4359,0
DA:4360,0
DA:4361,0
DA:4366,0
DA:4367,0
DA:4370,0
DA:4371,0
DA:4373,0
DA:4375,0
DA:4376,0
DA:4378,0
DA:4382,0
DA:4383,0
DA:4384,0
DA:4385,0
DA:4386,0
DA:4389,0
DA:4390,0
DA:4391,0
DA:4392,0
DA:4393,0
DA:4394,0
DA:4395,0
DA:4398,0
DA:4409,0
DA:4410,0
DA:4411,0
DA:4413,0
DA:4420,0
DA:4423,0
DA:4424,0
DA:4425,0
DA:4426,0
DA:4430,0
DA:4431,0
DA:4436,0
DA:4442,0
DA:4447,0
DA:4453,0
DA:4458,0
DA:4459,0
DA:4462,0
DA:4494,0
DA:4497,0
DA:4501,0
DA:4549,0
DA:4560,0
DA:4561,0
DA:4562,0
DA:4563,0
DA:4565,0
DA:4586,0
DA:4591,0
DA:4592,0
DA:4599,0
DA:4600,0
DA:4602,0
DA:4603,0
DA:4608,0
DA:4613,0
DA:4614,0
DA:4617,0
DA:4622,0
DA:4623,0
DA:4626,0
DA:4627,0
DA:4630,0
DA:4632,0
DA:4633,0
DA:4634,0
DA:4635,0
DA:4636,0
DA:4638,0
DA:4639,0
DA:4640,0
DA:4641,0
DA:4643,0
DA:4644,0
DA:4646,0
DA:4655,0
DA:4670,0
DA:4671,0
DA:4672,0
DA:4675,0
DA:4676,0
DA:4678,0
DA:4681,0
DA:4682,0
DA:4683,0
DA:4684,0
DA:4685,0
DA:4713,0
DA:4714,0
DA:4715,0
DA:4716,0
DA:4718,0
DA:4720,0
DA:4721,0
DA:4723,0
DA:4724,0
DA:4726,0
DA:4727,0
DA:4729,0
DA:4730,0
DA:4732,0
DA:4733,0
DA:4738,0
DA:4739,0
DA:4740,0
DA:4742,0
DA:4743,0
DA:4744,0
DA:4745,0
DA:4746,0
DA:4748,0
DA:4750,0
DA:4793,0
DA:4797,0
DA:4801,0
DA:4805,0
DA:4806,0
DA:4807,0
DA:4808,0
DA:4810,0
DA:4816,0
DA:4819,0
DA:4820,0
DA:4824,0
DA:4826,0
DA:4828,0
DA:4829,0
DA:4830,0
DA:4831,0
DA:4833,0
DA:4834,0
DA:4836,0
DA:4841,0
DA:4843,0
DA:4846,0
DA:4859,0
DA:4860,0
DA:4861,0
DA:4862,0
DA:4864,0
DA:4867,0
DA:4869,0
DA:4872,0
DA:4873,0
DA:4874,0
DA:4875,0
DA:4877,0
DA:4878,0
DA:4879,0
DA:4881,0
DA:4882,0
DA:4883,0
DA:4885,0
DA:4886,0
DA:4887,0
DA:4892,0
DA:4893,0
DA:4896,0
DA:4897,0
DA:4899,0
DA:4901,0
DA:4902,0
DA:4904,0
DA:4908,0
DA:4909,0
DA:4910,0
DA:4911,0
DA:4912,0
DA:4915,0
DA:4916,0
DA:4917,0
DA:4918,0
DA:4919,0
DA:4920,0
DA:4921,0
DA:4924,0
DA:4935,0
DA:4936,0
DA:4937,0
DA:4938,0
DA:4940,0
DA:4947,0
DA:4962,0
DA:4963,0
DA:4964,0
DA:4967,0
DA:4968,0
DA:4970,0
DA:4973,0
DA:4974,0
DA:4975,0
DA:4976,0
DA:4977,0
DA:5005,0
DA:5006,0
DA:5007,0
DA:5008,0
DA:5010,0
DA:5012,0
DA:5013,0
DA:5015,0
DA:5016,0
DA:5018,0
DA:5019,0
DA:5021,0
DA:5022,0
DA:5024,0
DA:5025,0
DA:5030,0
DA:5031,0
DA:5032,0
DA:5034,0
DA:5035,0
DA:5036,0
DA:5038,0
DA:5039,0
DA:5042,0
DA:5085,0
DA:5089,0
DA:5093,0
DA:5097,0
DA:5098,0
DA:5099,0
DA:5100,0
DA:5102,0
DA:5108,0
DA:5111,0
DA:5112,0
DA:5116,0
DA:5118,0
DA:5120,0
DA:5121,0
DA:5122,0
DA:5123,0
DA:5125,0
DA:5126,0
DA:5128,0
DA:5133,0
DA:5135,0
DA:5138,0
DA:5151,0
DA:5152,0
DA:5153,0
DA:5154,0
DA:5156,0
DA:5159,0
DA:5161,0
DA:5164,0
DA:5165,0
DA:5166,0
DA:5167,0
DA:5169,0
DA:5170,0
DA:5171,0
DA:5173,0
DA:5174,0
DA:5175,0
DA:5177,0
DA:5178,0
DA:5179,0
DA:5184,0
DA:5185,0
DA:5188,0
DA:5189,0
DA:5191,0
DA:5193,0
DA:5194,0
DA:5196,0
DA:5200,0
DA:5201,0
DA:5202,0
DA:5203,0
DA:5204,0
DA:5207,0
DA:5208,0
DA:5209,0
DA:5210,0
DA:5211,0
DA:5212,0
DA:5213,0
DA:5216,0
DA:5227,0
DA:5228,0
DA:5229,0
DA:5230,0
DA:5232,0
DA:5239,0
DA:5242,0
DA:5243,0
DA:5245,0
DA:5251,0
DA:5256,0
DA:5259,0
DA:5264,0
DA:5265,0
DA:5270,0
DA:5275,0
DA:5276,0
DA:5279,0
DA:5310,0
DA:5316,0
DA:5365,0
DA:5377,0
DA:5378,0
DA:5379,0
DA:5380,0
DA:5382,0
DA:5403,0
DA:5408,0
DA:5409,0
DA:5416,0
DA:5417,0
DA:5419,0
DA:5420,0
DA:5425,0
DA:5430,0
DA:5431,0
DA:5434,0
DA:5439,0
DA:5440,0
DA:5443,0
DA:5444,0
DA:5447,0
DA:5449,0
DA:5450,0
DA:5451,0
DA:5452,0
DA:5453,0
DA:5455,0
DA:5456,0
DA:5457,0
DA:5458,0
DA:5460,0
DA:5461,0
DA:5462,0
DA:5464,0
DA:5473,0
DA:5489,0
DA:5490,0
DA:5491,0
DA:5494,0
DA:5495,0
DA:5497,0
DA:5500,0
DA:5501,0
DA:5502,0
DA:5503,0
DA:5504,0
DA:5532,0
DA:5533,0
DA:5534,0
DA:5535,0
DA:5537,0
DA:5539,0
DA:5540,0
DA:5542,0
DA:5543,0
DA:5545,0
DA:5546,0
DA:5548,0
DA:5549,0
DA:5551,0
DA:5552,0
DA:5553,0
DA:5558,0
DA:5559,0
DA:5560,0
DA:5562,0
DA:5563,0
DA:5564,0
DA:5565,0
DA:5567,0
DA:5609,0
DA:5613,0
DA:5618,0
DA:5622,0
DA:5623,0
DA:5624,0
DA:5625,0
DA:5627,0
DA:5633,0
DA:5636,0
DA:5637,0
DA:5641,0
DA:5643,0
DA:5645,0
DA:5646,0
DA:5647,0
DA:5648,0
DA:5650,0
DA:5651,0
DA:5653,0
DA:5657,0
DA:5659,0
DA:5661,0
DA:5664,0
DA:5677,0
DA:5678,0
DA:5679,0
DA:5680,0
DA:5682,0
DA:5685,0
DA:5687,0
DA:5690,0
DA:5691,0
DA:5692,0
DA:5693,0
DA:5695,0
DA:5696,0
DA:5697,0
DA:5699,0
DA:5700,0
DA:5701,0
DA:5703,0
DA:5704,0
DA:5705,0
DA:5710,0
DA:5711,0
DA:5714,0
DA:5715,0
DA:5717,0
DA:5719,0
DA:5720,0
DA:5722,0
DA:5726,0
DA:5727,0
DA:5728,0
DA:5729,0
DA:5730,0
DA:5733,0
DA:5734,0
DA:5735,0
DA:5736,0
DA:5737,0
DA:5738,0
DA:5739,0
DA:5742,0
DA:5754,0
DA:5755,0
DA:5756,0
DA:5757,0
DA:5759,0
DA:5766,0
DA:5782,0
DA:5783,0
DA:5784,0
DA:5787,0
DA:5788,0
DA:5790,0
DA:5793,0
DA:5794,0
DA:5795,0
DA:5796,0
DA:5797,0
DA:5825,0
DA:5826,0
DA:5827,0
DA:5828,0
DA:5830,0
DA:5832,0
DA:5833,0
DA:5835,0
DA:5836,0
DA:5838,0
DA:5839,0
DA:5841,0
DA:5842,0
DA:5844,0
DA:5845,0
DA:5846,0
DA:5851,0
DA:5852,0
DA:5853,0
DA:5855,0
DA:5856,0
DA:5857,0
DA:5859,0
DA:5860,0
DA:5863,0
DA:5908,0
DA:5912,0
DA:5917,0
DA:5921,0
DA:5922,0
DA:5923,0
DA:5924,0
DA:5926,0
DA:5932,0
DA:5935,0
DA:5936,0
DA:5940,0
DA:5942,0
DA:5944,0
DA:5945,0
DA:5946,0
DA:5947,0
DA:5949,0
DA:5950,0
DA:5952,0
DA:5956,0
DA:5958,0
DA:5960,0
DA:5963,0
DA:5976,0
DA:5977,0
DA:5978,0
DA:5979,0
DA:5981,0
DA:5984,0
DA:5986,0
DA:5989,0
DA:5990,0
DA:5991,0
DA:5992,0
DA:5994,0
DA:5995,0
DA:5996,0
DA:5998,0
DA:5999,0
DA:6000,0
DA:6002,0
DA:6003,0
DA:6004,0
DA:6009,0
DA:6010,0
DA:6013,0
DA:6014,0
DA:6016,0
DA:6018,0
DA:6019,0
DA:6021,0
DA:6025,0
DA:6026,0
DA:6027,0
DA:6028,0
DA:6029,0
DA:6032,0
DA:6033,0
DA:6034,0
DA:6035,0
DA:6036,0
DA:6037,0
DA:6038,0
DA:6041,0
DA:6053,0
DA:6054,0
DA:6055,0
DA:6056,0
DA:6058,0
DA:6065,0
DA:6068,0
DA:6069,0
DA:6070,0
DA:6071,0
DA:6075,0
DA:6076,0
DA:6081,0
DA:6087,0
DA:6092,0
DA:6095,0
DA:6100,0
DA:6101,0
DA:6106,0
DA:6111,0
DA:6112,0
DA:6115,0
DA:6147,0
DA:6150,0
DA:6154,0
DA:6203,0
DA:6212,0
DA:6213,0
DA:6215,0
DA:6237,0
DA:6242,0
DA:6243,0
DA:6246,0
DA:6247,0
DA:6250,0
DA:6252,0
DA:6253,0
DA:6254,0
DA:6255,0
DA:6256,0
DA:6258,0
DA:6259,0
DA:6260,0
DA:6261,0
DA:6263,0
DA:6264,0
DA:6266,0
DA:6275,0
DA:6288,0
DA:6289,0
DA:6290,0
DA:6293,0
DA:6294,0
DA:6296,0
DA:6299,0
DA:6300,0
DA:6301,0
DA:6302,0
DA:6303,0
DA:6331,0
DA:6332,0
DA:6333,0
DA:6334,0
DA:6336,0
DA:6338,0
DA:6339,0
DA:6341,0
DA:6342,0
DA:6344,0
DA:6345,0
DA:6347,0
DA:6348,0
DA:6350,0
DA:6351,0
DA:6355,0
DA:6356,0
DA:6358,0
DA:6360,0
DA:6395,0
DA:6399,0
DA:6403,0
DA:6407,0
DA:6408,0
DA:6409,0
DA:6410,0
DA:6412,0
DA:6418,0
DA:6421,0
DA:6423,0
DA:6424,0
DA:6426,0
DA:6427,0
DA:6429,0
DA:6434,0
DA:6436,0
DA:6439,0
DA:6452,0
DA:6453,0
DA:6454,0
DA:6455,0
DA:6457,0
DA:6460,0
DA:6462,0
DA:6465,0
DA:6466,0
DA:6468,0
DA:6474,0
DA:6479,0
DA:6480,0
DA:6483,0
DA:6484,0
DA:6486,0
DA:6488,0
DA:6489,0
DA:6491,0
DA:6495,0
DA:6496,0
DA:6497,0
DA:6498,0
DA:6499,0
DA:6502,0
DA:6503,0
DA:6504,0
DA:6505,0
DA:6506,0
DA:6507,0
DA:6508,0
DA:6511,0
DA:6520,0
DA:6521,0
DA:6523,0
DA:6530,0
DA:6543,0
DA:6544,0
DA:6545,0
DA:6548,0
DA:6549,0
DA:6551,0
DA:6554,0
DA:6555,0
DA:6556,0
DA:6557,0
DA:6558,0
DA:6586,0
DA:6587,0
DA:6588,0
DA:6589,0
DA:6591,0
DA:6593,0
DA:6594,0
DA:6596,0
DA:6597,0
DA:6599,0
DA:6600,0
DA:6602,0
DA:6603,0
DA:6605,0
DA:6606,0
DA:6611,0
DA:6612,0
DA:6615,0
DA:6650,0
DA:6654,0
DA:6658,0
DA:6662,0
DA:6663,0
DA:6664,0
DA:6665,0
DA:6667,0
DA:6673,0
DA:6676,0
DA:6678,0
DA:6679,0
DA:6681,0
DA:6682,0
DA:6684,0
DA:6689,0
DA:6691,0
DA:6694,0
DA:6707,0
DA:6708,0
DA:6709,0
DA:6710,0
DA:6712,0
DA:6715,0
DA:6717,0
DA:6720,0
DA:6721,0
DA:6723,0
DA:6729,0
DA:6734,0
DA:6735,0
DA:6738,0
DA:6739,0
DA:6741,0
DA:6743,0
DA:6744,0
DA:6746,0
DA:6750,0
DA:6751,0
DA:6752,0
DA:6753,0
DA:6754,0
DA:6757,0
DA:6758,0
DA:6759,0
DA:6760,0
DA:6761,0
DA:6762,0
DA:6763,0
DA:6766,0
DA:6775,0
DA:6776,0
DA:6778,0
DA:6785,0
DA:6788,0
DA:6789,0
DA:6791,0
DA:6797,0
DA:6802,0
DA:6806,0
DA:6837,0
DA:6843,0
DA:6890,0
DA:6900,0
DA:6901,0
DA:6903,0
DA:6925,0
DA:6930,0
DA:6931,0
DA:6934,0
DA:6935,0
DA:6938,0
DA:6940,0
DA:6941,0
DA:6942,0
DA:6943,0
DA:6944,0
DA:6946,0
DA:6947,0
DA:6948,0
DA:6949,0
DA:6951,0
DA:6952,0
DA:6953,0
DA:6955,0
DA:6964,0
DA:6978,0
DA:6979,0
DA:6980,0
DA:6983,0
DA:6984,0
DA:6986,0
DA:6989,0
DA:6990,0
DA:6991,0
DA:6992,0
DA:6993,0
DA:7021,0
DA:7022,0
DA:7023,0
DA:7024,0
DA:7026,0
DA:7028,0
DA:7029,0
DA:7031,0
DA:7032,0
DA:7034,0
DA:7035,0
DA:7037,0
DA:7038,0
DA:7040,0
DA:7041,0
DA:7042,0
DA:7046,0
DA:7048,0
DA:7082,0
DA:7086,0
DA:7091,0
DA:7095,0
DA:7096,0
DA:7097,0
DA:7098,0
DA:7100,0
DA:7106,0
DA:7109,0
DA:7111,0
DA:7112,0
DA:7114,0
DA:7115,0
DA:7117,0
DA:7121,0
DA:7123,0
DA:7125,0
DA:7128,0
DA:7141,0
DA:7142,0
DA:7143,0
DA:7144,0
DA:7146,0
DA:7149,0
DA:7151,0
DA:7154,0
DA:7155,0
DA:7157,0
DA:7163,0
DA:7168,0
DA:7169,0
DA:7172,0
DA:7173,0
DA:7175,0
DA:7177,0
DA:7178,0
DA:7180,0
DA:7184,0
DA:7185,0
DA:7186,0
DA:7187,0
DA:7188,0
DA:7191,0
DA:7192,0
DA:7193,0
DA:7194,0
DA:7195,0
DA:7196,0
DA:7197,0
DA:7200,0
DA:7210,0
DA:7211,0
DA:7213,0
DA:7220,0
DA:7234,0
DA:7235,0
DA:7236,0
DA:7239,0
DA:7240,0
DA:7242,0
DA:7245,0
DA:7246,0
DA:7247,0
DA:7248,0
DA:7249,0
DA:7277,0
DA:7278,0
DA:7279,0
DA:7280,0
DA:7282,0
DA:7284,0
DA:7285,0
DA:7287,0
DA:7288,0
DA:7290,0
DA:7291,0
DA:7293,0
DA:7294,0
DA:7296,0
DA:7297,0
DA:7298,0
DA:7303,0
DA:7304,0
DA:7307,0
DA:7344,0
DA:7348,0
DA:7353,0
DA:7357,0
DA:7358,0
DA:7359,0
DA:7360,0
DA:7362,0
DA:7368,0
DA:7371,0
DA:7373,0
DA:7374,0
DA:7376,0
DA:7377,0
DA:7379,0
DA:7383,0
DA:7385,0
DA:7387,0
DA:7390,0
DA:7403,0
DA:7404,0
DA:7405,0
DA:7406,0
DA:7408,0
DA:7411,0
DA:7413,0
DA:7416,0
DA:7417,0
DA:7419,0
DA:7425,0
DA:7430,0
DA:7431,0
DA:7434,0
DA:7435,0
DA:7437,0
DA:7439,0
DA:7440,0
DA:7442,0
DA:7446,0
DA:7447,0
DA:7448,0
DA:7449,0
DA:7450,0
DA:7453,0
DA:7454,0
DA:7455,0
DA:7456,0
DA:7457,0
DA:7458,0
DA:7459,0
DA:7462,0
DA:7472,0
DA:7473,0
DA:7475,0
DA:7482,0
DA:7485,0
DA:7486,0
DA:7487,0
DA:7488,0
DA:7492,0
DA:7493,0
DA:7498,0
DA:7504,0
DA:7509,0
DA:7513,0
DA:7545,0
DA:7548,0
DA:7552,0
DA:7599,0
DA:7609,0
DA:7610,0
DA:7611,0
DA:7613,0
DA:7635,0
DA:7640,0
DA:7641,0
DA:7644,0
DA:7649,0
DA:7650,0
DA:7653,0
DA:7654,0
DA:7657,0
DA:7659,0
DA:7660,0
DA:7661,0
DA:7662,0
DA:7663,0
DA:7665,0
DA:7666,0
DA:7667,0
DA:7668,0
DA:7670,0
DA:7671,0
DA:7673,0
DA:7682,0
DA:7696,0
DA:7697,0
DA:7698,0
DA:7701,0
DA:7702,0
DA:7704,0
DA:7707,0
DA:7708,0
DA:7709,0
DA:7710,0
DA:7711,0
DA:7739,0
DA:7740,0
DA:7741,0
DA:7742,0
DA:7744,0
DA:7746,0
DA:7747,0
DA:7749,0
DA:7750,0
DA:7752,0
DA:7753,0
DA:7755,0
DA:7756,0
DA:7758,0
DA:7759,0
DA:7764,0
DA:7765,0
DA:7766,0
DA:7767,0
DA:7768,0
DA:7770,0
DA:7772,0
DA:7811,0
DA:7815,0
DA:7819,0
DA:7823,0
DA:7824,0
DA:7825,0
DA:7826,0
DA:7828,0
DA:7834,0
DA:7837,0
DA:7838,0
DA:7842,0
DA:7844,0
DA:7846,0
DA:7847,0
DA:7849,0
DA:7850,0
DA:7852,0
DA:7857,0
DA:7859,0
DA:7862,0
DA:7875,0
DA:7876,0
DA:7877,0
DA:7878,0
DA:7880,0
DA:7883,0
DA:7885,0
DA:7888,0
DA:7889,0
DA:7890,0
DA:7892,0
DA:7893,0
DA:7895,0
DA:7896,0
DA:7898,0
DA:7899,0
DA:7900,0
DA:7905,0
DA:7906,0
DA:7909,0
DA:7910,0
DA:7912,0
DA:7914,0
DA:7915,0
DA:7917,0
DA:7921,0
DA:7922,0
DA:7923,0
DA:7924,0
DA:7925,0
DA:7928,0
DA:7929,0
DA:7930,0
DA:7931,0
DA:7932,0
DA:7933,0
DA:7934,0
DA:7937,0
DA:7947,0
DA:7948,0
DA:7949,0
DA:7951,0
DA:7958,0
DA:7972,0
DA:7973,0
DA:7974,0
DA:7977,0
DA:7978,0
DA:7980,0
DA:7983,0
DA:7984,0
DA:7985,0
DA:7986,0
DA:7987,0
DA:8015,0
DA:8016,0
DA:8017,0
DA:8018,0
DA:8020,0
DA:8022,0
DA:8023,0
DA:8025,0
DA:8026,0
DA:8028,0
DA:8029,0
DA:8031,0
DA:8032,0
DA:8034,0
DA:8035,0
DA:8040,0
DA:8041,0
DA:8042,0
DA:8044,0
DA:8045,0
DA:8048,0
DA:8087,0
DA:8091,0
DA:8095,0
DA:8099,0
DA:8100,0
DA:8101,0
DA:8102,0
DA:8104,0
DA:8110,0
DA:8113,0
DA:8114,0
DA:8118,0
DA:8120,0
DA:8122,0
DA:8123,0
DA:8125,0
DA:8126,0
DA:8128,0
DA:8133,0
DA:8135,0
DA:8138,0
DA:8151,0
DA:8152,0
DA:8153,0
DA:8154,0
DA:8156,0
DA:8159,0
DA:8161,0
DA:8164,0
DA:8165,0
DA:8166,0
DA:8168,0
DA:8169,0
DA:8171,0
DA:8172,0
DA:8174,0
DA:8175,0
DA:8176,0
DA:8181,0
DA:8182,0
DA:8185,0
DA:8186,0
DA:8188,0
DA:8190,0
DA:8191,0
DA:8193,0
DA:8197,0
DA:8198,0
DA:8199,0
DA:8200,0
DA:8201,0
DA:8204,0
DA:8205,0
DA:8206,0
DA:8207,0
DA:8208,0
DA:8209,0
DA:8210,0
DA:8213,0
DA:8223,0
DA:8224,0
DA:8225,0
DA:8227,0
DA:8234,0
DA:8237,0
DA:8238,0
DA:8240,0
DA:8246,0
DA:8251,0
DA:8254,0
DA:8259,0
DA:8260,0
DA:8263,0
DA:8294,0
DA:8300,0
DA:8348,0
DA:8359,0
DA:8360,0
DA:8361,0
DA:8363,0
DA:8385,0
DA:8390,0
DA:8391,0
DA:8394,0
DA:8399,0
DA:8400,0
DA:8403,0
DA:8404,0
DA:8407,0
DA:8409,0
DA:8410,0
DA:8411,0
DA:8412,0
DA:8413,0
DA:8415,0
DA:8416,0
DA:8417,0
DA:8418,0
DA:8420,0
DA:8421,0
DA:8422,0
DA:8424,0
DA:8433,0
DA:8448,0
DA:8449,0
DA:8450,0
DA:8453,0
DA:8454,0
DA:8456,0
DA:8459,0
DA:8460,0
DA:8461,0
DA:8462,0
DA:8463,0
DA:8491,0
DA:8492,0
DA:8493,0
DA:8494,0
DA:8496,0
DA:8498,0
DA:8499,0
DA:8501,0
DA:8502,0
DA:8504,0
DA:8505,0
DA:8507,0
DA:8508,0
DA:8510,0
DA:8511,0
DA:8512,0
DA:8517,0
DA:8518,0
DA:8519,0
DA:8520,0
DA:8522,0
DA:8560,0
DA:8564,0
DA:8569,0
DA:8573,0
DA:8574,0
DA:8575,0
DA:8576,0
DA:8578,0
DA:8584,0
DA:8587,0
DA:8588,0
DA:8592,0
DA:8594,0
DA:8596,0
DA:8597,0
DA:8599,0
DA:8600,0
DA:8602,0
DA:8606,0
DA:8608,0
DA:8610,0
DA:8613,0
DA:8626,0
DA:8627,0
DA:8628,0
DA:8629,0
DA:8631,0
DA:8634,0
DA:8636,0
DA:8639,0
DA:8640,0
DA:8641,0
DA:8643,0
DA:8644,0
DA:8646,0
DA:8647,0
DA:8649,0
DA:8650,0
DA:8651,0
DA:8656,0
DA:8657,0
DA:8660,0
DA:8661,0
DA:8663,0
DA:8665,0
DA:8666,0
DA:8668,0
DA:8672,0
DA:8673,0
DA:8674,0
DA:8675,0
DA:8676,0
DA:8679,0
DA:8680,0
DA:8681,0
DA:8682,0
DA:8683,0
DA:8684,0
DA:8685,0
DA:8688,0
DA:8699,0
DA:8700,0
DA:8701,0
DA:8703,0
DA:8710,0
DA:8725,0
DA:8726,0
DA:8727,0
DA:8730,0
DA:8731,0
DA:8733,0
DA:8736,0
DA:8737,0
DA:8738,0
DA:8739,0
DA:8740,0
DA:8768,0
DA:8769,0
DA:8770,0
DA:8771,0
DA:8773,0
DA:8775,0
DA:8776,0
DA:8778,0
DA:8779,0
DA:8781,0
DA:8782,0
DA:8784,0
DA:8785,0
DA:8787,0
DA:8788,0
DA:8789,0
DA:8794,0
DA:8795,0
DA:8796,0
DA:8798,0
DA:8799,0
DA:8802,0
DA:8843,0
DA:8847,0
DA:8852,0
DA:8856,0
DA:8857,0
DA:8858,0
DA:8859,0
DA:8861,0
DA:8867,0
DA:8870,0
DA:8871,0
DA:8875,0
DA:8877,0
DA:8879,0
DA:8880,0
DA:8882,0
DA:8883,0
DA:8885,0
DA:8889,0
DA:8891,0
DA:8893,0
DA:8896,0
DA:8909,0
DA:8910,0
DA:8911,0
DA:8912,0
DA:8914,0
DA:8917,0
DA:8919,0
DA:8922,0
DA:8923,0
DA:8924,0
DA:8926,0
DA:8927,0
DA:8929,0
DA:8930,0
DA:8932,0
DA:8933,0
DA:8934,0
DA:8939,0
DA:8940,0
DA:8943,0
DA:8944,0
DA:8946,0
DA:8948,0
DA:8949,0
DA:8951,0
DA:8955,0
DA:8956,0
DA:8957,0
DA:8958,0
DA:8959,0
DA:8962,0
DA:8963,0
DA:8964,0
DA:8965,0
DA:8966,0
DA:8967,0
DA:8968,0
DA:8971,0
DA:8982,0
DA:8983,0
DA:8984,0
DA:8986,0
DA:8993,0
DA:8996,0
DA:8997,0
DA:8998,0
DA:8999,0
DA:9003,0
DA:9004,0
DA:9009,0
DA:9015,0
DA:9020,0
DA:9023,0
DA:9028,0
DA:9029,0
DA:9032,0
DA:9064,0
DA:9067,0
DA:9071,0
DA:9120,0
DA:9130,0
DA:9131,0
DA:9132,0
DA:9134,0
DA:9155,0
DA:9160,0
DA:9161,0
DA:9168,0
DA:9169,0
DA:9171,0
DA:9172,0
DA:9177,0
DA:9182,0
DA:9183,0
DA:9186,0
DA:9187,0
DA:9190,0
DA:9192,0
DA:9193,0
DA:9194,0
DA:9195,0
DA:9196,0
DA:9198,0
DA:9199,0
DA:9200,0
DA:9201,0
DA:9203,0
DA:9204,0
DA:9206,0
DA:9215,0
DA:9229,0
DA:9230,0
DA:9231,0
DA:9234,0
DA:9235,0
DA:9237,0
DA:9240,0
DA:9241,0
DA:9242,0
DA:9243,0
DA:9244,0
DA:9272,0
DA:9273,0
DA:9274,0
DA:9275,0
DA:9277,0
DA:9279,0
DA:9280,0
DA:9282,0
DA:9283,0
DA:9285,0
DA:9286,0
DA:9288,0
DA:9289,0
DA:9291,0
DA:9292,0
DA:9297,0
DA:9298,0
DA:9299,0
DA:9300,0
DA:9301,0
DA:9303,0
DA:9305,0
DA:9344,0
DA:9348,0
DA:9352,0
DA:9356,0
DA:9357,0
DA:9358,0
DA:9359,0
DA:9361,0
DA:9367,0
DA:9370,0
DA:9372,0
DA:9373,0
DA:9374,0
DA:9375,0
DA:9377,0
DA:9378,0
DA:9380,0
DA:9385,0
DA:9387,0
DA:9390,0
DA:9403,0
DA:9404,0
DA:9405,0
DA:9406,0
DA:9408,0
DA:9411,0
DA:9413,0
DA:9416,0
DA:9417,0
DA:9418,0
DA:9420,0
DA:9421,0
DA:9423,0
DA:9424,0
DA:9426,0
DA:9427,0
DA:9428,0
DA:9433,0
DA:9434,0
DA:9437,0
DA:9438,0
DA:9440,0
DA:9442,0
DA:9443,0
DA:9445,0
DA:9449,0
DA:9450,0
DA:9451,0
DA:9452,0
DA:9453,0
DA:9456,0
DA:9457,0
DA:9458,0
DA:9459,0
DA:9460,0
DA:9461,0
DA:9462,0
DA:9465,0
DA:9475,0
DA:9476,0
DA:9477,0
DA:9479,0
DA:9486,0
DA:9500,0
DA:9501,0
DA:9502,0
DA:9505,0
DA:9506,0
DA:9508,0
DA:9511,0
DA:9512,0
DA:9513,0
DA:9514,0
DA:9515,0
DA:9543,0
DA:9544,0
DA:9545,0
DA:9546,0
DA:9548,0
DA:9550,0
DA:9551,0
DA:9553,0
DA:9554,0
DA:9556,0
DA:9557,0
DA:9559,0
DA:9560,0
DA:9562,0
DA:9563,0
DA:9568,0
DA:9569,0
DA:9570,0
DA:9572,0
DA:9573,0
DA:9576,0
DA:9615,0
DA:9619,0
DA:9623,0
DA:9627,0
DA:9628,0
DA:9629,0
DA:9630,0
DA:9632,0
DA:9638,0
DA:9641,0
DA:9643,0
DA:9644,0
DA:9645,0
DA:9646,0
DA:9648,0
DA:9649,0
DA:9651,0
DA:9656,0
DA:9658,0
DA:9661,0
DA:9674,0
DA:9675,0
DA:9676,0
DA:9677,0
DA:9679,0
DA:9682,0
DA:9684,0
DA:9687,0
DA:9688,0
DA:9689,0
DA:9691,0
DA:9692,0
DA:9694,0
DA:9695,0
DA:9697,0
DA:9698,0
DA:9699,0
DA:9704,0
DA:9705,0
DA:9708,0
DA:9709,0
DA:9711,0
DA:9713,0
DA:9714,0
DA:9716,0
DA:9720,0
DA:9721,0
DA:9722,0
DA:9723,0
DA:9724,0
DA:9727,0
DA:9728,0
DA:9729,0
DA:9730,0
DA:9731,0
DA:9732,0
DA:9733,0
DA:9736,0
DA:9746,0
DA:9747,0
DA:9748,0
DA:9750,0
DA:9757,0
DA:9760,0
DA:9761,0
DA:9763,0
DA:9769,0
DA:9774,0
DA:9780,0
DA:9785,0
DA:9786,0
DA:9789,0
DA:9820,0
DA:9826,0
DA:9874,0
DA:9885,0
DA:9886,0
DA:9887,0
DA:9889,0
DA:9910,0
DA:9915,0
DA:9916,0
DA:9923,0
DA:9924,0
DA:9926,0
DA:9927,0
DA:9932,0
DA:9937,0
DA:9938,0
DA:9941,0
DA:9942,0
DA:9945,0
DA:9947,0
DA:9948,0
DA:9949,0
DA:9950,0
DA:9951,0
DA:9953,0
DA:9954,0
DA:9955,0
DA:9956,0
DA:9958,0
DA:9959,0
DA:9960,0
DA:9962,0
DA:9971,0
DA:9986,0
DA:9987,0
DA:9988,0
DA:9991,0
DA:9992,0
DA:9994,0
DA:9997,0
DA:9998,0
DA:9999,0
DA:10000,0
DA:10001,0
DA:10029,0
DA:10030,0
DA:10031,0
DA:10032,0
DA:10034,0
DA:10036,0
DA:10037,0
DA:10039,0
DA:10040,0
DA:10042,0
DA:10043,0
DA:10045,0
DA:10046,0
DA:10048,0
DA:10049,0
DA:10050,0
DA:10055,0
DA:10056,0
DA:10057,0
DA:10058,0
DA:10060,0
DA:10098,0
DA:10102,0
DA:10107,0
DA:10111,0
DA:10112,0
DA:10113,0
DA:10114,0
DA:10116,0
DA:10122,0
DA:10125,0
DA:10127,0
DA:10128,0
DA:10129,0
DA:10130,0
DA:10132,0
DA:10133,0
DA:10135,0
DA:10139,0
DA:10141,0
DA:10143,0
DA:10146,0
DA:10159,0
DA:10160,0
DA:10161,0
DA:10162,0
DA:10164,0
DA:10167,0
DA:10169,0
DA:10172,0
DA:10173,0
DA:10174,0
DA:10176,0
DA:10177,0
DA:10179,0
DA:10180,0
DA:10182,0
DA:10183,0
DA:10184,0
DA:10189,0
DA:10190,0
DA:10193,0
DA:10194,0
DA:10196,0
DA:10198,0
DA:10199,0
DA:10201,0
DA:10205,0
DA:10206,0
DA:10207,0
DA:10208,0
DA:10209,0
DA:10212,0
DA:10213,0
DA:10214,0
DA:10215,0
DA:10216,0
DA:10217,0
DA:10218,0
DA:10221,0
DA:10232,0
DA:10233,0
DA:10234,0
DA:10236,0
DA:10243,0
DA:10258,0
DA:10259,0
DA:10260,0
DA:10263,0
DA:10264,0
DA:10266,0
DA:10269,0
DA:10270,0
DA:10271,0
DA:10272,0
DA:10273,0
DA:10301,0
DA:10302,0
DA:10303,0
DA:10304,0
DA:10306,0
DA:10308,0
DA:10309,0
DA:10311,0
DA:10312,0
DA:10314,0
DA:10315,0
DA:10317,0
DA:10318,0
DA:10320,0
DA:10321,0
DA:10322,0
DA:10327,0
DA:10328,0
DA:10329,0
DA:10331,0
DA:10332,0
DA:10335,0
DA:10376,0
DA:10380,0
DA:10385,0
DA:10389,0
DA:10390,0
DA:10391,0
DA:10392,0
DA:10394,0
DA:10400,0
DA:10403,0
DA:10405,0
DA:10406,0
DA:10407,0
DA:10408,0
DA:10410,0
DA:10411,0
DA:10413,0
DA:10417,0
DA:10419,0
DA:10421,0
DA:10424,0
DA:10437,0
DA:10438,0
DA:10439,0
DA:10440,0
DA:10442,0
DA:10445,0
DA:10447,0
DA:10450,0
DA:10451,0
DA:10452,0
DA:10454,0
DA:10455,0
DA:10457,0
DA:10458,0
DA:10460,0
DA:10461,0
DA:10462,0
DA:10467,0
DA:10468,0
DA:10471,0
DA:10472,0
DA:10474,0
DA:10476,0
DA:10477,0
DA:10479,0
DA:10483,0
DA:10484,0
DA:10485,0
DA:10486,0
DA:10487,0
DA:10490,0
DA:10491,0
DA:10492,0
DA:10493,0
DA:10494,0
DA:10495,0
DA:10496,0
DA:10499,0
DA:10510,0
DA:10511,0
DA:10512,0
DA:10514,0
DA:10521,0
DA:10524,0
DA:10525,0
DA:10526,0
DA:10527,0
DA:10531,0
DA:10532,0
DA:10537,0
DA:10543,0
DA:10548,0
DA:10554,0
DA:10559,0
DA:10560,0
DA:10563,0
DA:10595,0
DA:10598,0
DA:10602,0
DA:10650,0
DA:10661,0
DA:10662,0
DA:10663,0
DA:10664,0
DA:10666,0
DA:10687,0
DA:10692,0
DA:10693,0
DA:10700,0
DA:10701,0
DA:10703,0
DA:10704,0
DA:10709,0
DA:10714,0
DA:10715,0
DA:10718,0
DA:10723,0
DA:10724,0
DA:10727,0
DA:10728,0
DA:10731,0
DA:10733,0
DA:10734,0
DA:10735,0
DA:10736,0
DA:10737,0
DA:10739,0
DA:10740,0
DA:10741,0
DA:10742,0
DA:10744,0
DA:10745,0
DA:10747,0
DA:10756,0
DA:10771,0
DA:10772,0
DA:10773,0
DA:10776,0
DA:10777,0
DA:10779,0
DA:10782,0
DA:10783,0
DA:10784,0
DA:10785,0
DA:10786,0
DA:10814,0
DA:10815,0
DA:10816,0
DA:10817,0
DA:10819,0
DA:10821,0
DA:10822,0
DA:10824,0
DA:10825,0
DA:10827,0
DA:10828,0
DA:10830,0
DA:10831,0
DA:10833,0
DA:10834,0
DA:10839,0
DA:10840,0
DA:10841,0
DA:10843,0
DA:10844,0
DA:10845,0
DA:10846,0
DA:10847,0
DA:10849,0
DA:10851,0
DA:10894,0
DA:10898,0
DA:10902,0
DA:10906,0
DA:10907,0
DA:10908,0
DA:10909,0
DA:10911,0
DA:10917,0
DA:10920,0
DA:10921,0
DA:10925,0
DA:10927,0
DA:10929,0
DA:10930,0
DA:10931,0
DA:10932,0
DA:10934,0
DA:10935,0
DA:10937,0
DA:10942,0
DA:10944,0
DA:10947,0
DA:10960,0
DA:10961,0
DA:10962,0
DA:10963,0
DA:10965,0
DA:10968,0
DA:10970,0
DA:10973,0
DA:10974,0
DA:10975,0
DA:10976,0
DA:10978,0
DA:10979,0
DA:10980,0
DA:10982,0
DA:10983,0
DA:10984,0
DA:10986,0
DA:10987,0
DA:10988,0
DA:10993,0
DA:10994,0
DA:10997,0
DA:10998,0
DA:11000,0
DA:11002,0
DA:11003,0
DA:11005,0
DA:11009,0
DA:11010,0
DA:11011,0
DA:11012,0
DA:11013,0
DA:11016,0
DA:11017,0
DA:11018,0
DA:11019,0
DA:11020,0
DA:11021,0
DA:11022,0
DA:11025,0
DA:11036,0
DA:11037,0
DA:11038,0
DA:11039,0
DA:11041,0
DA:11048,0
DA:11063,0
DA:11064,0
DA:11065,0
DA:11068,0
DA:11069,0
DA:11071,0
DA:11074,0
DA:11075,0
DA:11076,0
DA:11077,0
DA:11078,0
DA:11106,0
DA:11107,0
DA:11108,0
DA:11109,0
DA:11111,0
DA:11113,0
DA:11114,0
[...]
DA:66,16
DA:75,16
DA:77,0
DA:80,16
DA:81,16
DA:82,16
DA:84,16
DA:87,16
DA:88,16
DA:89,16
DA:90,16
DA:93,8
DA:95,8
DA:103,8
DA:116,8
DA:119,8
DA:121,8
DA:132,8
DA:134,8
DA:136,8
DA:139,8
DA:142,8
DA:144,8
DA:146,8
DA:151,0
DA:157,0
DA:160,0
DA:162,0
DA:166,0
DA:172,0
DA:175,0
DA:179,0
DA:185,0
DA:188,0
DA:190,0
DA:192,0
DA:195,0
DA:196,0
DA:198,0
DA:199,0
DA:201,0
DA:204,0
DA:206,0
DA:208,0
DA:212,0
DA:214,0
DA:216,0
DA:219,712
DA:221,712
DA:223,0
DA:226,712
DA:227,712
DA:228,712
DA:230,136
DA:234,576
DA:235,16736
DA:237,16160
DA:239,576
DA:242,712
DA:244,712
DA:245,712
DA:247,584
DA:251,712
DA:254,8
DA:260,8
DA:262,0
DA:265,8
DA:266,8
DA:267,8
DA:269,0
DA:272,8
DA:274,8
DA:275,8
DA:276,8
DA:277,8
DA:279,8
DA:280,8
DA:282,8
DA:285,8
DA:286,8
DA:289,0
DA:290,0
DA:292,0
DA:294,0
DA:295,0
DA:296,0
DA:297,0
DA:299,0
DA:300,0
DA:302,0
DA:305,0
DA:306,0
DA:309,0
DA:314,0
DA:316,0
DA:318,0
DA:323,0
DA:324,0
DA:326,0
DA:327,0
DA:329,0
DA:332,16
DA:334,16
DA:336,16
DA:338,16
DA:341,0
DA:344,0
DA:346,0
DA:347,0
DA:349,0
DA:351,0
DA:353,0
DA:355,0
DA:358,0
DA:360,0
DA:362,0
DA:368,0
DA:370,0
DA:372,0
DA:377,0
DA:379,0
DA:381,0
DA:386,0
DA:388,0
DA:391,0
DA:396,0
DA:398,0
DA:399,0
DA:404,0
DA:406,0
DA:410,0
DA:415,0
DA:417,0
DA:419,0
DA:420,0
DA:421,0
DA:424,0
DA:426,0
DA:439,0
DA:450,0
DA:452,0
DA:454,0
DA:456,0
DA:458,0
DA:459,0
DA:460,0
DA:461,0
DA:462,0
DA:463,0
DA:464,0
DA:466,0
DA:469,0
DA:471,0
DA:472,0
DA:474,0
DA:477,0
DA:479,0
DA:481,0
DA:484,0
DA:487,8
DA:489,8
DA:491,8
DA:492,8
DA:493,8
DA:495,8
DA:496,8
DA:498,8
DA:500,8
DA:502,8
DA:503,8
DA:505,0
DA:507,8
DA:509,0
DA:512,8
DA:513,8
DA:515,8
DA:517,8
DA:518,8
DA:522,0
DA:523,0
DA:525,8
DA:526,8
DA:527,8
DA:530,0
DA:532,0
DA:533,0
DA:535,0
DA:537,0
DA:538,0
DA:540,0
DA:543,0
DA:545,0
DA:547,0
DA:551,0
DA:553,0
DA:554,0
DA:556,0
DA:559,0
DA:560,0
DA:563,0
DA:565,0
DA:566,0
DA:568,0
DA:570,0
DA:573,0
DA:575,0
DA:576,0
DA:578,0
DA:580,0
DA:583,0
DA:585,0
DA:586,0
DA:588,0
DA:590,0
DA:593,0
DA:595,0
DA:596,0
DA:598,0
DA:600,0
DA:603,0
DA:605,0
DA:606,0
DA:608,0
DA:610,0
DA:613,0
DA:615,0
DA:616,0
DA:618,0
DA:620,0
DA:624,0
DA:626,0
DA:628,0
DA:630,0
DA:631,0
DA:632,0
DA:634,0
DA:637,0
DA:639,0
DA:641,0
DA:643,0
DA:644,0
DA:645,0
DA:647,0
DA:650,0
DA:655,0
DA:657,0
DA:660,0
DA:662,0
DA:664,0
DA:665,0
DA:667,0
DA:668,0
DA:669,0
DA:671,0
DA:672,0
DA:675,0
DA:679,0
DA:683,0
DA:691,0
DA:693,0
DA:697,0
DA:698,0
DA:710,0
DA:712,0
DA:716,0
DA:718,0
DA:719,0
DA:721,0
DA:723,0
DA:724,0
DA:728,0
DA:729,0
DA:730,0
DA:731,0
DA:732,0
DA:734,0
DA:735,0
DA:736,0
DA:739,0
DA:741,0
DA:743,0
DA:744,0
DA:745,0
DA:750,0
DA:752,0
DA:753,0
DA:754,0
DA:757,0
DA:759,0
DA:761,0
DA:763,0
DA:768,0
DA:771,0
DA:772,0
DA:773,0
DA:774,0
DA:775,0
DA:776,0
DA:777,0
DA:778,0
DA:779,0
DA:780,0
DA:781,0
DA:782,0
DA:783,0
DA:785,0
DA:786,0
DA:787,0
DA:788,0
DA:790,0
DA:791,0
DA:793,0
DA:795,0
DA:796,0
DA:800,0
DA:802,832
DA:804,832
DA:807,80
DA:809,80
DA:812,624
DA:814,624
DA:817,32
DA:819,32
DA:820,32
DA:821,624
DA:823,592
DA:824,592
DA:826,32
DA:829,0
DA:831,0
DA:833,0
DA:835,0
DA:836,0
DA:837,0
DA:838,0
DA:840,0
DA:841,0
DA:845,0
DA:846,0
DA:848,0
DA:850,0
DA:851,0
DA:852,0
DA:853,0
DA:854,0
DA:855,0
DA:856,0
DA:857,0
DA:858,0
DA:861,0
DA:862,0
DA:863,0
DA:864,0
DA:865,0
DA:866,0
DA:867,0
DA:868,0
DA:869,0
DA:872,0
DA:875,0
DA:877,0
DA:879,0
DA:882,0
DA:884,0
DA:886,16
DA:889,16
DA:891,8
DA:893,8
DA:898,0
DA:904,0
DA:905,0
DA:907,0
DA:909,0
DA:910,0
DA:912,0
DA:916,0
DA:918,0
DA:922,0
DA:925,0
DA:927,0
DA:929,0
DA:931,0
DA:934,0
DA:1074,0
DA:1076,0
DA:1077,0
DA:1078,0
DA:1079,0
DA:1081,0
DA:1083,0
DA:1084,0
DA:1085,0
DA:1086,0
DA:1087,0
DA:1089,0
DA:1092,0
DA:1094,0
DA:1096,0
DA:1097,0
DA:1100,0
DA:1102,0
DA:1104,0
DA:1105,0
DA:1107,0
DA:1108,0
DA:1113,0
DA:1119,0
DA:1121,0
DA:1122,0
DA:1124,0
DA:1126,0
DA:1128,0
DA:1129,0
DA:1131,0
DA:1135,0
DA:1139,0
DA:1141,0
DA:1143,0
DA:1145,0
DA:1147,0
DA:1148,0
DA:1149,0
DA:1150,0
DA:1151,0
DA:1153,0
DA:1155,0
DA:1160,0
DA:1161,0
DA:1163,0
DA:1164,0
DA:1165,0
DA:1166,0
DA:1171,0
DA:1172,0
DA:1174,0
DA:1175,0
DA:1176,0
DA:1177,0
DA:1178,0
DA:1180,0
DA:1185,0
DA:1187,0
DA:1188,0
DA:1190,0
DA:1192,0
DA:1195,0
DA:1197,0
DA:1198,0
DA:1200,0
DA:1203,0
DA:1205,0
DA:1206,0
DA:1210,0
DA:1212,0
DA:1213,0
DA:1215,0
DA:1217,0
DA:1218,0
DA:1221,0
DA:1223,0
DA:1224,0
DA:1226,0
DA:1228,0
DA:1229,0
DA:1230,0
DA:1231,0
DA:1232,0
DA:1234,0
DA:1237,0
DA:1239,0
DA:1240,0
DA:1242,0
DA:1244,0
DA:1245,0
DA:1246,0
DA:1247,0
DA:1248,0
DA:1250,0
DA:1253,0
DA:1255,0
DA:1256,0
DA:1258,0
DA:1260,0
DA:1261,0
DA:1262,0
DA:1263,0
DA:1264,0
DA:1266,0
DA:1269,0
DA:1271,0
DA:1272,0
DA:1274,0
DA:1276,0
DA:1277,0
DA:1278,0
DA:1279,0
DA:1280,0
DA:1282,0
DA:1285,0
DA:1287,0
DA:1288,0
DA:1290,0
DA:1292,0
DA:1293,0
DA:1294,0
DA:1295,0
DA:1296,0
DA:1298,0
DA:1301,8
DA:1303,8
DA:1304,8
DA:1306,0
DA:1308,8
DA:1309,8
DA:1310,8
DA:1311,8
DA:1312,8
DA:1314,8
DA:1317,0
DA:1319,0
DA:1320,0
DA:1322,0
DA:1324,0
DA:1327,0
DA:1329,0
DA:1330,0
DA:1332,0
DA:1334,0
DA:1337,0
DA:1339,0
DA:1340,0
DA:1342,0
DA:1344,0
DA:1347,0
DA:1349,0
DA:1350,0
DA:1352,0
DA:1354,0
DA:1357,0
DA:1359,0
DA:1360,0
DA:1362,0
DA:1364,0
DA:1367,0
DA:1369,0
DA:1370,0
DA:1372,0
DA:1374,0
DA:1377,0
DA:1379,0
DA:1380,0
DA:1382,0
DA:1384,0
DA:1389,0
DA:1391,0
DA:1393,0
DA:1394,0
DA:1395,0
DA:1396,0
DA:1397,0
DA:1398,0
DA:1400,0
DA:1402,0
DA:1403,0
DA:1404,0
DA:1405,0
DA:1407,0
DA:1408,0
DA:1410,0
DA:1411,0
DA:1412,0
DA:1413,0
DA:1414,0
DA:1416,0
DA:1417,0
DA:1419,0
DA:1420,0
DA:1421,0
DA:1424,0
DA:1426,0
DA:1428,0
DA:1429,0
DA:1431,0
DA:1432,0
DA:1433,0
DA:1434,0
DA:1437,0
DA:1439,0
DA:1440,0
DA:1441,0
end_of_record
TN:
SF:/home/share/samba/flyingcys/LingDongGUI/.worktree/gui-test-coverage/src/gui/ldLabel.c
FN:53,ldLabel_init
FNDA:8,ldLabel_init
FN:96,ldLabel_depose
FNDA:8,ldLabel_depose
FN:121,ldLabel_on_load
FNDA:0,ldLabel_on_load
FN:127,ldLabel_on_frame_start
FNDA:0,ldLabel_on_frame_start
FN:133,ldLabel_on_frame_complete
FNDA:0,ldLabel_on_frame_complete
FN:139,ldLabel_show
FNDA:0,ldLabel_show
FN:226,ldLabelSetTransparent
FNDA:8,ldLabelSetTransparent
FN:237,ldLabelSetText
FNDA:8,ldLabelSetText
FN:253,ldLabelSetTextColor
FNDA:8,ldLabelSetTextColor
FN:264,ldLabelSetAlign
FNDA:8,ldLabelSetAlign
FN:275,ldLabelSetBackgroundImage
FNDA:0,ldLabelSetBackgroundImage
FN:288,ldLabelSetBackgroundColor
FNDA:8,ldLabelSetBackgroundColor
FN:301,ldLabelSetFont
FNDA:8,ldLabelSetFont
FN:312,ldLabelGetTransparent
FNDA:8,ldLabelGetTransparent
FN:322,ldLabelGetText
FNDA:8,ldLabelGetText
FN:332,ldLabelGetTextColor
FNDA:8,ldLabelGetTextColor
FN:342,ldLabelGetAlign
FNDA:8,ldLabelGetAlign
FN:352,ldLabelGetBackgroundColor
FNDA:8,ldLabelGetBackgroundColor
FN:362,ldLabelGetFont
FNDA:8,ldLabelGetFont
DA:53,8
DA:55,8
DA:58,8
DA:60,0
DA:61,0
DA:64,0
DA:69,8
DA:72,8
DA:73,8
DA:75,8
DA:76,8
DA:77,8
DA:78,8
DA:79,8
DA:80,8
DA:81,8
DA:82,8
DA:83,8
DA:84,8
DA:85,8
DA:87,8
DA:88,8
DA:89,8
DA:90,8
DA:93,8
DA:96,8
DA:98,8
DA:99,8
DA:101,0
DA:103,8
DA:105,8
DA:110,0
DA:111,0
DA:117,0
DA:118,0
DA:121,0
DA:123,0
DA:125,0
DA:127,0
DA:129,0
DA:131,0
DA:133,0
DA:135,0
DA:137,0
DA:139,0
DA:141,0
DA:142,0
DA:144,0
DA:154,0
DA:156,0
DA:158,0
DA:160,0
DA:162,0
DA:165,0
DA:167,0
DA:169,0
DA:171,0
DA:179,0
DA:181,0
DA:182,0
DA:187,0
DA:189,0
DA:197,0
DA:201,0
DA:202,0
DA:205,0
DA:208,0
DA:210,0
DA:215,0
DA:216,0
DA:217,0
DA:220,0
DA:221,0
DA:226,8
DA:228,8
DA:229,8
DA:231,0
DA:233,8
DA:234,8
DA:237,8
DA:239,8
DA:240,8
DA:242,0
DA:244,8
DA:245,8
DA:246,8
DA:247,8
DA:249,8
DA:253,8
DA:255,8
DA:256,8
DA:258,0
DA:260,8
DA:261,8
DA:264,8
DA:266,8
DA:267,8
DA:269,0
DA:271,8
DA:272,8
DA:275,0
DA:277,0
DA:278,0
DA:280,0
DA:282,0
DA:283,0
DA:284,0
DA:285,0
DA:288,8
DA:290,8
DA:291,8
DA:293,0
DA:295,8
DA:296,8
DA:297,8
DA:298,8
DA:301,8
DA:303,8
DA:304,8
DA:306,0
DA:308,8
DA:309,8
DA:312,8
DA:314,8
DA:315,8
DA:317,0
DA:319,8
DA:322,8
DA:324,8
DA:325,8
DA:327,0
DA:329,8
DA:332,8
DA:334,8
DA:335,8
DA:337,0
DA:339,8
DA:342,8
DA:344,8
DA:345,8
DA:347,0
DA:349,8
DA:352,8
DA:354,8
DA:355,8
DA:357,0
DA:359,8
DA:362,8
DA:364,8
DA:365,8
DA:367,0
DA:369,8
end_of_record
TN:
SF:/home/share/samba/flyingcys/LingDongGUI/.worktree/gui-test-coverage/src/misc/xQueue.c
FN:38,xQueueCreate
FNDA:0,xQueueCreate
FN:69,xQueueClear
FNDA:0,xQueueClear
FN:78,xQueueIsFull
FNDA:0,xQueueIsFull
FN:86,xQueueIsEmpty
FNDA:0,xQueueIsEmpty
FN:96,xQueueGetLength
FNDA:0,xQueueGetLength
FN:126,xQueueEnqueue
FNDA:0,xQueueEnqueue
FN:147,xQueueDequeue
FNDA:0,xQueueDequeue
DA:38,0
DA:43,0
DA:45,0
DA:47,0
DA:50,0
DA:52,0
DA:53,0
DA:54,0
DA:63,0
DA:66,0
DA:69,0
DA:71,0
DA:73,0
DA:75,0
DA:78,0
DA:80,0
DA:81,0
DA:83,0
DA:86,0
DA:88,0
DA:89,0
DA:92,0
DA:96,0
DA:98,0
DA:100,0
DA:102,0
DA:104,0
DA:108,0
DA:110,0
DA:114,0
DA:116,0
DA:120,0
DA:126,0
DA:130,0
DA:132,0
DA:135,0
DA:137,0
DA:138,0
DA:139,0
DA:143,0
DA:147,0
DA:149,0
DA:151,0
DA:154,0
DA:156,0
DA:158,0
DA:160,0
DA:164,0
end_of_record
TN:
SF:/home/share/samba/flyingcys/LingDongGUI/.worktree/gui-test-coverage/src/misc/ldMsg.c
FN:4,ldMsgInit
FNDA:0,ldMsgInit
FN:17,ldMsgEmit
FNDA:0,ldMsgEmit
FN:27,ldMsgConnect
FNDA:0,ldMsgConnect
FN:60,ldMsgDelConnect
FNDA:0,ldMsgDelConnect
FN:75,ldMsgProcess
FNDA:0,ldMsgProcess
DA:4,0
DA:6,0
DA:8,0
DA:9,0
DA:11,0
DA:14,0
DA:17,0
DA:21,0
DA:22,0
DA:23,0
DA:24,0
DA:27,0
DA:29,0
DA:31,0
DA:34,0
DA:36,0
DA:38,0
DA:40,0
DA:42,0
DA:44,0
DA:47,0
DA:48,0
DA:50,0
DA:51,0
DA:52,0
DA:53,0
DA:54,0
DA:57,0
DA:60,0
DA:62,0
DA:64,0
DA:66,0
DA:68,0
DA:70,0
DA:71,0
DA:75,0
DA:79,0
DA:81,0
DA:83,0
DA:84,0
DA:86,0
DA:88,0
DA:90,0
DA:92,0
DA:95,0
DA:98,0
end_of_record
TN:
SF:/home/share/samba/flyingcys/LingDongGUI/.worktree/gui-test-coverage/src/misc/freeRtosHeap4.c
FN:139,pvPortMalloc
FNDA:8,pvPortMalloc
FN:299,vPortFree
FNDA:0,vPortFree
FN:348,xPortGetFreeHeapSize
FNDA:0,xPortGetFreeHeapSize
FN:354,xPortGetMinimumEverFreeHeapSize
FNDA:0,xPortGetMinimumEverFreeHeapSize
FN:360,vPortInitialiseBlocks
FNDA:0,vPortInitialiseBlocks
FN:366,prvHeapInit
FNDA:8,prvHeapInit
FN:414,prvInsertBlockIntoFreeList
FNDA:8,prvInsertBlockIntoFreeList
FN:477,vPortGetHeapStats
FNDA:0,vPortGetHeapStats
FN:528,pvPortRealloc
FNDA:0,pvPortRealloc
DA:139,8
DA:142,8
DA:148,8
DA:150,8
DA:161,8
DA:165,8
DA:166,8
DA:168,8
DA:171,8
DA:174,8
DA:177,8
DA:182,0
DA:192,0
DA:195,8
DA:199,8
DA:200,8
DA:202,8
DA:204,0
DA:205,0
DA:210,8
DA:214,8
DA:218,8
DA:222,8
DA:228,8
DA:233,8
DA:234,8
DA:237,8
DA:244,8
DA:246,8
DA:248,8
DA:257,8
DA:258,8
DA:259,8
DA:295,8
DA:299,0
DA:301,0
DA:304,0
DA:308,0
DA:311,0
DA:317,0
DA:319,0
DA:323,0
DA:328,0
DA:330,0
DA:331,0
DA:345,0
DA:348,0
DA:350,0
DA:354,0
DA:356,0
DA:360,0
DA:363,0
DA:366,8
DA:371,8
DA:374,8
DA:376,8
DA:378,0
DA:379,0
DA:380,0
DA:383,8
DA:387,8
DA:388,8
DA:392,8
DA:393,8
DA:394,8
DA:395,8
DA:396,8
DA:397,8
DA:401,8
DA:402,8
DA:403,8
DA:406,8
DA:407,8
DA:410,8
DA:411,8
DA:414,8
DA:421,8
DA:428,8
DA:430,8
DA:432,0
DA:433,0
DA:442,8
DA:444,8
DA:446,8
DA:449,0
DA:450,0
DA:454,8
DA:459,0
DA:466,8
DA:468,8
DA:474,8
DA:477,0
DA:480,0
DA:484,0
DA:488,0
DA:494,0
DA:496,0
DA:498,0
DA:501,0
DA:503,0
DA:508,0
DA:509,0
DA:514,0
DA:515,0
DA:516,0
DA:520,0
DA:521,0
DA:522,0
DA:523,0
DA:526,0
DA:528,0
DA:532,0
DA:539,0
DA:541,0
DA:552,0
DA:554,0
DA:557,0
DA:565,0
DA:568,0
DA:570,0
DA:572,0
DA:574,0
DA:575,0
DA:578,0
DA:579,0
DA:580,0
DA:582,0
DA:583,0
DA:585,0
DA:587,0
DA:588,0
DA:589,0
DA:591,0
DA:593,0
DA:594,0
DA:595,0
DA:596,0
DA:598,0
DA:600,0
DA:605,0
DA:606,0
DA:607,0
DA:624,0
end_of_record
TN:
SF:/home/share/samba/flyingcys/LingDongGUI/.worktree/gui-test-coverage/src/gui/test/test_support.c
FN:5,arm_2d_op_wait_async
FNDA:462,arm_2d_op_wait_async
FN:11,VT_enter_global_mutex
FNDA:0,VT_enter_global_mutex
FN:15,VT_leave_global_mutex
FNDA:0,VT_leave_global_mutex
FN:19,arm_2d_helper_get_system_timestamp
FNDA:0,arm_2d_helper_get_system_timestamp
FN:24,arm_2d_helper_get_reference_clock_frequency
FNDA:0,arm_2d_helper_get_reference_clock_frequency
FN:29,ld_test_set_system_timestamp
FNDA:0,ld_test_set_system_timestamp
FN:34,ldGuiUpdateScene
FNDA:0,ldGuiUpdateScene
DA:5,462
DA:8,462
DA:11,0
DA:13,0
DA:15,0
DA:17,0
DA:19,0
DA:21,0
DA:24,0
DA:26,0
DA:29,0
DA:31,0
DA:32,0
DA:34,0
DA:36,0
end_of_record
TN:
SF:/home/share/samba/flyingcys/LingDongGUI/.worktree/gui-test-coverage/src/gui/test/test_layout_window.c
FN:7,test_collect_direct_children_ignores_grandchildren
FNDA:8,test_collect_direct_children_ignores_grandchildren
FN:24,test_collect_direct_children_keeps_hidden_for_legacy
FNDA:8,test_collect_direct_children_keeps_hidden_for_legacy
FN:40,test_mark_parent_layout_dirty_marks_nearest_window
FNDA:8,test_mark_parent_layout_dirty_marks_nearest_window
FN:61,test_set_region_marks_parent_layout_dirty
FNDA:8,test_set_region_marks_parent_layout_dirty
FN:80,test_set_hidden_marks_parent_layout_dirty
FNDA:8,test_set_hidden_marks_parent_layout_dirty
FN:95,test_node_add_marks_container_layout_dirty
FNDA:8,test_node_add_marks_container_layout_dirty
FN:114,test_node_remove_marks_container_layout_dirty
FNDA:8,test_node_remove_marks_container_layout_dirty
FN:134,test_legacy_layout_updates_direct_children_beyond_sixty_four
FNDA:8,test_legacy_layout_updates_direct_children_beyond_sixty_four
FN:164,test_flex_space_between_falls_back_to_start_when_no_space
FNDA:8,test_flex_space_between_falls_back_to_start_when_no_space
FN:173,test_flex_space_between_preserves_gap_when_space_available
FNDA:8,test_flex_space_between_preserves_gap_when_space_available
FN:182,test_flex_row_center_applies_gap_and_padding
FNDA:8,test_flex_row_center_applies_gap_and_padding
FN:191,test_flex_space_between_resolves_gap_from_remaining_space
FNDA:8,test_flex_space_between_resolves_gap_from_remaining_space
FN:200,test_flex_setters_mark_window_dirty
FNDA:8,test_flex_setters_mark_window_dirty
FN:241,test_grid_setters_mark_window_dirty
FNDA:8,test_grid_setters_mark_window_dirty
FN:275,test_flex_row_layout_skips_hidden_children_and_keeps_size
FNDA:8,test_flex_row_layout_skips_hidden_children_and_keeps_size
FN:316,test_flex_column_layout_applies_main_and_cross_alignment
FNDA:8,test_flex_column_layout_applies_main_and_cross_alignment
FN:345,test_grid_layout_places_visible_children_row_first
FNDA:8,test_grid_layout_places_visible_children_row_first
FN:393,main
FNDA:8,main
DA:7,8
DA:9,8
DA:10,8
DA:11,8
DA:12,8
DA:13,8
DA:15,8
DA:16,8
DA:17,8
DA:19,8
DA:20,8
DA:21,8
DA:22,8
DA:24,8
DA:26,8
DA:27,8
DA:28,8
DA:29,8
DA:31,8
DA:32,8
DA:34,8
DA:35,8
DA:37,8
DA:38,8
DA:40,8
DA:42,8
DA:43,8
DA:44,8
DA:46,8
DA:47,8
DA:49,8
DA:50,8
DA:52,8
DA:53,8
DA:55,8
DA:57,8
DA:58,8
DA:59,8
DA:61,8
DA:63,8
DA:64,8
DA:66,8
DA:68,8
DA:69,8
DA:71,8
DA:72,8
DA:74,8
DA:76,8
DA:77,8
DA:78,8
DA:80,8
DA:82,8
DA:83,8
DA:85,8
DA:87,8
DA:88,8
DA:90,8
DA:92,8
DA:93,8
DA:95,8
DA:97,8
DA:98,8
DA:99,8
DA:101,8
DA:102,8
DA:104,8
DA:105,8
DA:106,8
DA:108,8
DA:110,8
DA:111,8
DA:112,8
DA:114,8
DA:116,8
DA:117,8
DA:118,8
DA:120,8
DA:121,8
DA:123,8
DA:124,8
DA:125,8
DA:126,8
DA:128,8
DA:130,8
DA:131,8
DA:132,8
DA:134,8
DA:138,8
DA:139,8
DA:141,8
DA:142,8
DA:143,8
DA:144,8
DA:145,8
DA:147,528
DA:149,520
DA:150,520
DA:151,520
DA:152,520
DA:153,520
DA:154,520
DA:157,8
DA:159,8
DA:160,8
DA:161,8
DA:162,8
DA:164,8
DA:166,8
DA:167,8
DA:169,8
DA:170,8
DA:171,8
DA:173,8
DA:175,8
DA:176,8
DA:178,8
DA:179,8
DA:180,8
DA:182,8
DA:184,8
DA:185,8
DA:187,8
DA:188,8
DA:189,8
DA:191,8
DA:193,8
DA:194,8
DA:196,8
DA:197,8
DA:198,8
DA:200,8
DA:202,8
DA:203,8
DA:205,8
DA:206,8
DA:208,8
DA:210,8
DA:211,8
DA:212,8
DA:213,8
DA:215,8
DA:216,8
DA:217,8
DA:218,8
DA:219,8
DA:220,8
DA:221,8
DA:223,8
DA:224,8
DA:225,8
DA:226,8
DA:227,8
DA:228,8
DA:229,8
DA:230,8
DA:231,8
DA:233,8
DA:234,8
DA:235,8
DA:236,8
DA:237,8
DA:238,8
DA:239,8
DA:241,8
DA:243,8
DA:244,8
DA:246,8
DA:247,8
DA:248,8
DA:249,8
DA:250,8
DA:251,8
DA:252,8
DA:254,8
DA:255,8
DA:256,8
DA:257,8
DA:258,8
DA:259,8
DA:260,8
DA:261,8
DA:263,8
DA:264,8
DA:265,8
DA:266,8
DA:267,8
DA:268,8
DA:269,8
DA:270,8
DA:271,8
DA:272,8
DA:273,8
DA:275,8
DA:277,8
DA:278,8
DA:279,8
DA:280,8
DA:282,8
DA:283,8
DA:284,8
DA:286,8
DA:287,8
DA:288,8
DA:289,8
DA:291,8
DA:292,8
DA:293,8
DA:295,8
DA:296,8
DA:297,8
DA:298,8
DA:300,8
DA:302,8
DA:303,8
DA:304,8
DA:305,8
DA:307,8
DA:308,8
DA:310,8
DA:311,8
DA:312,8
DA:313,8
DA:314,8
DA:316,8
DA:318,8
DA:319,8
DA:320,8
DA:322,8
DA:323,8
DA:324,8
DA:326,8
DA:327,8
DA:329,8
DA:330,8
DA:332,8
DA:333,8
DA:334,8
DA:335,8
DA:337,8
DA:339,8
DA:340,8
DA:341,8
DA:342,8
DA:343,8
DA:345,8
DA:347,8
DA:348,8
DA:349,8
DA:350,8
DA:351,8
DA:353,8
DA:354,8
DA:355,8
DA:357,8
DA:358,8
DA:359,8
DA:360,8
DA:361,8
DA:363,8
DA:364,8
DA:365,8
DA:366,8
DA:368,8
DA:369,8
DA:370,8
DA:372,8
DA:374,8
DA:375,8
DA:376,8
DA:377,8
DA:379,8
DA:380,8
DA:382,8
DA:383,8
DA:384,8
DA:385,8
DA:387,8
DA:388,8
DA:389,8
DA:390,8
DA:391,8
DA:393,8
DA:395,8
DA:396,8
DA:397,8
DA:398,8
DA:399,8
DA:400,8
DA:401,8
DA:402,8
DA:403,8
DA:404,8
DA:405,8
DA:406,8
DA:407,8
DA:408,8
DA:409,8
DA:410,8
DA:411,8
DA:412,8
end_of_record
TN:
SF:/home/share/samba/flyingcys/LingDongGUI/.worktree/gui-test-coverage/src/gui/test/test_ldprogressbar.c
FN:6,test_ldprogressbar_init_sets_defaults_and_links_to_parent
FNDA:8,test_ldprogressbar_init_sets_defaults_and_links_to_parent
FN:33,test_ldprogressbar_setters_update_state
FNDA:8,test_ldprogressbar_setters_update_state
FN:88,main
FNDA:8,main
DA:6,8
DA:8,8
DA:9,8
DA:10,8
DA:12,8
DA:13,8
DA:14,8
DA:16,8
DA:17,8
DA:18,8
DA:19,8
DA:20,8
DA:21,8
DA:22,8
DA:23,8
DA:24,8
DA:25,8
DA:26,8
DA:27,8
DA:28,8
DA:29,8
DA:30,8
DA:31,8
DA:33,8
DA:35,8
DA:36,8
DA:37,8
DA:38,8
DA:39,8
DA:40,8
DA:41,8
DA:43,8
DA:44,8
DA:45,8
DA:46,8
DA:48,8
DA:49,8
DA:50,8
DA:51,8
DA:53,8
DA:54,8
DA:55,8
DA:56,8
DA:57,8
DA:58,8
DA:59,8
DA:61,8
DA:62,8
DA:63,8
DA:64,8
DA:65,8
DA:67,8
DA:68,8
DA:69,8
DA:70,8
DA:71,8
DA:72,8
DA:73,8
DA:75,8
DA:76,8
DA:77,8
DA:78,8
DA:79,8
DA:81,8
DA:82,8
DA:84,8
DA:85,8
DA:86,8
DA:88,8
DA:90,8
DA:91,8
DA:92,8
end_of_record
TN:
SF:/home/share/samba/flyingcys/LingDongGUI/.worktree/gui-test-coverage/src/gui/test/test_support.c
FN:5,arm_2d_op_wait_async
FNDA:0,arm_2d_op_wait_async
FN:11,VT_enter_global_mutex
FNDA:0,VT_enter_global_mutex
FN:15,VT_leave_global_mutex
FNDA:0,VT_leave_global_mutex
FN:19,arm_2d_helper_get_system_timestamp
FNDA:0,arm_2d_helper_get_system_timestamp
FN:24,arm_2d_helper_get_reference_clock_frequency
FNDA:0,arm_2d_helper_get_reference_clock_frequency
FN:29,ld_test_set_system_timestamp
FNDA:0,ld_test_set_system_timestamp
FN:34,ldGuiUpdateScene
FNDA:0,ldGuiUpdateScene
DA:5,0
DA:8,0
DA:11,0
DA:13,0
DA:15,0
DA:17,0
DA:19,0
DA:21,0
DA:24,0
DA:26,0
DA:29,0
DA:31,0
DA:32,0
DA:34,0
DA:36,0
end_of_record
TN:
SF:/home/share/samba/flyingcys/LingDongGUI/.worktree/gui-test-coverage/src/gui/test/test_support.c
FN:5,arm_2d_op_wait_async
FNDA:0,arm_2d_op_wait_async
FN:11,VT_enter_global_mutex
FNDA:0,VT_enter_global_mutex
FN:15,VT_leave_global_mutex
FNDA:0,VT_leave_global_mutex
FN:19,arm_2d_helper_get_system_timestamp
FNDA:0,arm_2d_helper_get_system_timestamp
FN:24,arm_2d_helper_get_reference_clock_frequency
FNDA:0,arm_2d_helper_get_reference_clock_frequency
FN:29,ld_test_set_system_timestamp
FNDA:0,ld_test_set_system_timestamp
FN:34,ldGuiUpdateScene
FNDA:0,ldGuiUpdateScene
DA:5,0
DA:8,0
DA:11,0
DA:13,0
DA:15,0
DA:17,0
DA:19,0
DA:21,0
DA:24,0
DA:26,0
DA:29,0
DA:31,0
DA:32,0
DA:34,0
DA:36,0
end_of_record
TN:
SF:/home/share/samba/flyingcys/LingDongGUI/.worktree/gui-test-coverage/src/gui/test/test_ldlabel.c
FN:8,test_ldlabel_init_sets_defaults_and_links_to_parent
FNDA:8,test_ldlabel_init_sets_defaults_and_links_to_parent
FN:34,test_ldlabel_setters_update_state_and_dirty_flag
FNDA:8,test_ldlabel_setters_update_state_and_dirty_flag
FN:77,main
FNDA:8,main
DA:8,8
DA:10,8
DA:11,8
DA:12,8
DA:13,8
DA:15,8
DA:16,8
DA:17,8
DA:19,8
DA:20,8
DA:21,8
DA:22,8
DA:23,8
DA:24,8
DA:25,8
DA:26,8
DA:27,8
DA:28,8
DA:29,8
DA:30,8
DA:31,8
DA:32,8
DA:34,8
DA:36,8
DA:37,8
DA:38,8
DA:40,8
DA:41,8
DA:42,8
DA:43,8
DA:45,8
DA:46,8
DA:47,8
DA:48,8
DA:49,8
DA:50,8
DA:52,8
DA:53,8
DA:54,8
DA:55,8
DA:57,8
DA:58,8
DA:59,8
DA:60,8
DA:62,8
DA:63,8
DA:64,8
DA:65,8
DA:66,8
DA:67,8
DA:69,8
DA:70,8
DA:71,8
DA:72,8
DA:74,8
DA:75,8
DA:77,8
DA:79,8
DA:80,8
DA:81,8
end_of_record
